MetroMPI 1. Going for verilate function: verilate(argString) in verilator.cpp(main)
MetroMPI 2. Going for process function: process() in verilator.cpp(verilate)
%Warning-ASCRANGE: mixcolumn.v:3:7: Ascending bit range vector: left < right of bit range: [0:127]
                                  : ... note: In instance 'aes_main.r8.m0'
    3 | input [0:127]i_shift;
      |       ^
                   ... For warning description see https://verilator.org/warn/ASCRANGE?v=5.036
                   ... Use "/* verilator lint_off ASCRANGE */" and lint_on around source to disable this message.
%Warning-ASCRANGE: mixcolumn.v:4:8: Ascending bit range vector: left < right of bit range: [0:127]
                                  : ... note: In instance 'aes_main.r8.m0'
    4 | output [0:127]i_mix;
      |        ^
%Warning-ASCRANGE: mixcolumn.v:26:10: Ascending bit range vector: left < right of bit range: [0:7]
                                    : ... note: In instance 'aes_main.r8.m0'
   26 | function [0:7]xtime;
      |          ^
%Warning-ASCRANGE: mixcolumn.v:27:7: Ascending bit range vector: left < right of bit range: [0:7]
                                   : ... note: In instance 'aes_main.r8.m0'
   27 | input [0:7]i;
      |       ^
MetroMPI Trying to print the nodes Def in V3Metro_MPI.h::HierCellsGraphVisitor 
Visiting: $root
    Instance: $root
    Module  : $root
    Hier(inst): $root
    Hier(mod) : $root
    Hash(mod) : fc80f6233082f8de618a56be675b32ac

Visiting: $root.aes_main
    Instance: aes_main
    Module  : aes_main
    Hier(inst): $root.aes_main
    Hier(mod) : $root.aes_main
    Hash(mod) : 008ab14943a5b40f45b7f5a4d82fc370

Visiting: $root.aes_main.a0
    Instance: a0
    Module  : aes_key_expand_128
    Hier(inst): $root.aes_main.a0
    Hier(mod) : $root.aes_main.aes_key_expand_128
    Hash(mod) : 838484e0fa192ad8b91a62169f088e8b

Visiting: $root.aes_main.a0.u0
    Instance: u0
    Module  : sbox
    Hier(inst): $root.aes_main.a0.u0
    Hier(mod) : $root.aes_main.aes_key_expand_128.sbox
    Hash(mod) : a9db5b188c5be90ba02186728d82f41a

Visiting: $root.aes_main.a0.u1
    Instance: u1
    Module  : sbox
    Hier(inst): $root.aes_main.a0.u1
    Hier(mod) : $root.aes_main.aes_key_expand_128.sbox
    Hash(mod) : a9db5b188c5be90ba02186728d82f41a

Visiting: $root.aes_main.a0.u2
    Instance: u2
    Module  : sbox
    Hier(inst): $root.aes_main.a0.u2
    Hier(mod) : $root.aes_main.aes_key_expand_128.sbox
    Hash(mod) : a9db5b188c5be90ba02186728d82f41a

Visiting: $root.aes_main.a0.u3
    Instance: u3
    Module  : sbox
    Hier(inst): $root.aes_main.a0.u3
    Hier(mod) : $root.aes_main.aes_key_expand_128.sbox
    Hash(mod) : a9db5b188c5be90ba02186728d82f41a

Visiting: $root.aes_main.a0.u4
    Instance: u4
    Module  : sbox
    Hier(inst): $root.aes_main.a0.u4
    Hier(mod) : $root.aes_main.aes_key_expand_128.sbox
    Hash(mod) : a9db5b188c5be90ba02186728d82f41a

Visiting: $root.aes_main.a0.u5
    Instance: u5
    Module  : sbox
    Hier(inst): $root.aes_main.a0.u5
    Hier(mod) : $root.aes_main.aes_key_expand_128.sbox
    Hash(mod) : a9db5b188c5be90ba02186728d82f41a

Visiting: $root.aes_main.a0.u6
    Instance: u6
    Module  : sbox
    Hier(inst): $root.aes_main.a0.u6
    Hier(mod) : $root.aes_main.aes_key_expand_128.sbox
    Hash(mod) : a9db5b188c5be90ba02186728d82f41a

Visiting: $root.aes_main.a0.u7
    Instance: u7
    Module  : sbox
    Hier(inst): $root.aes_main.a0.u7
    Hier(mod) : $root.aes_main.aes_key_expand_128.sbox
    Hash(mod) : a9db5b188c5be90ba02186728d82f41a

Visiting: $root.aes_main.a0.u8
    Instance: u8
    Module  : sbox
    Hier(inst): $root.aes_main.a0.u8
    Hier(mod) : $root.aes_main.aes_key_expand_128.sbox
    Hash(mod) : a9db5b188c5be90ba02186728d82f41a

Visiting: $root.aes_main.a0.u9
    Instance: u9
    Module  : sbox
    Hier(inst): $root.aes_main.a0.u9
    Hier(mod) : $root.aes_main.aes_key_expand_128.sbox
    Hash(mod) : a9db5b188c5be90ba02186728d82f41a

Visiting: $root.aes_main.a0.u10
    Instance: u10
    Module  : sbox
    Hier(inst): $root.aes_main.a0.u10
    Hier(mod) : $root.aes_main.aes_key_expand_128.sbox
    Hash(mod) : a9db5b188c5be90ba02186728d82f41a

Visiting: $root.aes_main.a0.u11
    Instance: u11
    Module  : sbox
    Hier(inst): $root.aes_main.a0.u11
    Hier(mod) : $root.aes_main.aes_key_expand_128.sbox
    Hash(mod) : a9db5b188c5be90ba02186728d82f41a

Visiting: $root.aes_main.a0.u12
    Instance: u12
    Module  : sbox
    Hier(inst): $root.aes_main.a0.u12
    Hier(mod) : $root.aes_main.aes_key_expand_128.sbox
    Hash(mod) : a9db5b188c5be90ba02186728d82f41a

Visiting: $root.aes_main.a0.u13
    Instance: u13
    Module  : sbox
    Hier(inst): $root.aes_main.a0.u13
    Hier(mod) : $root.aes_main.aes_key_expand_128.sbox
    Hash(mod) : a9db5b188c5be90ba02186728d82f41a

Visiting: $root.aes_main.a0.u14
    Instance: u14
    Module  : sbox
    Hier(inst): $root.aes_main.a0.u14
    Hier(mod) : $root.aes_main.aes_key_expand_128.sbox
    Hash(mod) : a9db5b188c5be90ba02186728d82f41a

Visiting: $root.aes_main.a0.u15
    Instance: u15
    Module  : sbox
    Hier(inst): $root.aes_main.a0.u15
    Hier(mod) : $root.aes_main.aes_key_expand_128.sbox
    Hash(mod) : a9db5b188c5be90ba02186728d82f41a

Visiting: $root.aes_main.a0.u16
    Instance: u16
    Module  : sbox
    Hier(inst): $root.aes_main.a0.u16
    Hier(mod) : $root.aes_main.aes_key_expand_128.sbox
    Hash(mod) : a9db5b188c5be90ba02186728d82f41a

Visiting: $root.aes_main.a0.u17
    Instance: u17
    Module  : sbox
    Hier(inst): $root.aes_main.a0.u17
    Hier(mod) : $root.aes_main.aes_key_expand_128.sbox
    Hash(mod) : a9db5b188c5be90ba02186728d82f41a

Visiting: $root.aes_main.a0.u18
    Instance: u18
    Module  : sbox
    Hier(inst): $root.aes_main.a0.u18
    Hier(mod) : $root.aes_main.aes_key_expand_128.sbox
    Hash(mod) : a9db5b188c5be90ba02186728d82f41a

Visiting: $root.aes_main.a0.u19
    Instance: u19
    Module  : sbox
    Hier(inst): $root.aes_main.a0.u19
    Hier(mod) : $root.aes_main.aes_key_expand_128.sbox
    Hash(mod) : a9db5b188c5be90ba02186728d82f41a

Visiting: $root.aes_main.a0.u20
    Instance: u20
    Module  : sbox
    Hier(inst): $root.aes_main.a0.u20
    Hier(mod) : $root.aes_main.aes_key_expand_128.sbox
    Hash(mod) : a9db5b188c5be90ba02186728d82f41a

Visiting: $root.aes_main.a0.u21
    Instance: u21
    Module  : sbox
    Hier(inst): $root.aes_main.a0.u21
    Hier(mod) : $root.aes_main.aes_key_expand_128.sbox
    Hash(mod) : a9db5b188c5be90ba02186728d82f41a

Visiting: $root.aes_main.a0.u22
    Instance: u22
    Module  : sbox
    Hier(inst): $root.aes_main.a0.u22
    Hier(mod) : $root.aes_main.aes_key_expand_128.sbox
    Hash(mod) : a9db5b188c5be90ba02186728d82f41a

Visiting: $root.aes_main.a0.u23
    Instance: u23
    Module  : sbox
    Hier(inst): $root.aes_main.a0.u23
    Hier(mod) : $root.aes_main.aes_key_expand_128.sbox
    Hash(mod) : a9db5b188c5be90ba02186728d82f41a

Visiting: $root.aes_main.a0.u24
    Instance: u24
    Module  : sbox
    Hier(inst): $root.aes_main.a0.u24
    Hier(mod) : $root.aes_main.aes_key_expand_128.sbox
    Hash(mod) : a9db5b188c5be90ba02186728d82f41a

Visiting: $root.aes_main.a0.u25
    Instance: u25
    Module  : sbox
    Hier(inst): $root.aes_main.a0.u25
    Hier(mod) : $root.aes_main.aes_key_expand_128.sbox
    Hash(mod) : a9db5b188c5be90ba02186728d82f41a

Visiting: $root.aes_main.a0.u26
    Instance: u26
    Module  : sbox
    Hier(inst): $root.aes_main.a0.u26
    Hier(mod) : $root.aes_main.aes_key_expand_128.sbox
    Hash(mod) : a9db5b188c5be90ba02186728d82f41a

Visiting: $root.aes_main.a0.u27
    Instance: u27
    Module  : sbox
    Hier(inst): $root.aes_main.a0.u27
    Hier(mod) : $root.aes_main.aes_key_expand_128.sbox
    Hash(mod) : a9db5b188c5be90ba02186728d82f41a

Visiting: $root.aes_main.a0.u28
    Instance: u28
    Module  : sbox
    Hier(inst): $root.aes_main.a0.u28
    Hier(mod) : $root.aes_main.aes_key_expand_128.sbox
    Hash(mod) : a9db5b188c5be90ba02186728d82f41a

Visiting: $root.aes_main.a0.u29
    Instance: u29
    Module  : sbox
    Hier(inst): $root.aes_main.a0.u29
    Hier(mod) : $root.aes_main.aes_key_expand_128.sbox
    Hash(mod) : a9db5b188c5be90ba02186728d82f41a

Visiting: $root.aes_main.a0.u30
    Instance: u30
    Module  : sbox
    Hier(inst): $root.aes_main.a0.u30
    Hier(mod) : $root.aes_main.aes_key_expand_128.sbox
    Hash(mod) : a9db5b188c5be90ba02186728d82f41a

Visiting: $root.aes_main.a0.u31
    Instance: u31
    Module  : sbox
    Hier(inst): $root.aes_main.a0.u31
    Hier(mod) : $root.aes_main.aes_key_expand_128.sbox
    Hash(mod) : a9db5b188c5be90ba02186728d82f41a

Visiting: $root.aes_main.a0.u32
    Instance: u32
    Module  : sbox
    Hier(inst): $root.aes_main.a0.u32
    Hier(mod) : $root.aes_main.aes_key_expand_128.sbox
    Hash(mod) : a9db5b188c5be90ba02186728d82f41a

Visiting: $root.aes_main.a0.u33
    Instance: u33
    Module  : sbox
    Hier(inst): $root.aes_main.a0.u33
    Hier(mod) : $root.aes_main.aes_key_expand_128.sbox
    Hash(mod) : a9db5b188c5be90ba02186728d82f41a

Visiting: $root.aes_main.a0.u34
    Instance: u34
    Module  : sbox
    Hier(inst): $root.aes_main.a0.u34
    Hier(mod) : $root.aes_main.aes_key_expand_128.sbox
    Hash(mod) : a9db5b188c5be90ba02186728d82f41a

Visiting: $root.aes_main.a0.u35
    Instance: u35
    Module  : sbox
    Hier(inst): $root.aes_main.a0.u35
    Hier(mod) : $root.aes_main.aes_key_expand_128.sbox
    Hash(mod) : a9db5b188c5be90ba02186728d82f41a

Visiting: $root.aes_main.a0.u36
    Instance: u36
    Module  : sbox
    Hier(inst): $root.aes_main.a0.u36
    Hier(mod) : $root.aes_main.aes_key_expand_128.sbox
    Hash(mod) : a9db5b188c5be90ba02186728d82f41a

Visiting: $root.aes_main.a0.u37
    Instance: u37
    Module  : sbox
    Hier(inst): $root.aes_main.a0.u37
    Hier(mod) : $root.aes_main.aes_key_expand_128.sbox
    Hash(mod) : a9db5b188c5be90ba02186728d82f41a

Visiting: $root.aes_main.a0.u38
    Instance: u38
    Module  : sbox
    Hier(inst): $root.aes_main.a0.u38
    Hier(mod) : $root.aes_main.aes_key_expand_128.sbox
    Hash(mod) : a9db5b188c5be90ba02186728d82f41a

Visiting: $root.aes_main.a0.u39
    Instance: u39
    Module  : sbox
    Hier(inst): $root.aes_main.a0.u39
    Hier(mod) : $root.aes_main.aes_key_expand_128.sbox
    Hash(mod) : a9db5b188c5be90ba02186728d82f41a

Visiting: $root.aes_main.r0
    Instance: r0
    Module  : round
    Hier(inst): $root.aes_main.r0
    Hier(mod) : $root.aes_main.round
    Hash(mod) : 805eb8978a0e0dc42d171666231604e3

Visiting: $root.aes_main.r0.a1
    Instance: a1
    Module  : subbytes
    Hier(inst): $root.aes_main.r0.a1
    Hier(mod) : $root.aes_main.round.subbytes
    Hash(mod) : 58818d7c64d6e2dc01bc69fd885e9e96

Visiting: $root.aes_main.r0.a1.q0
    Instance: q0
    Module  : sbox
    Hier(inst): $root.aes_main.r0.a1.q0
    Hier(mod) : $root.aes_main.round.subbytes.sbox
    Hash(mod) : 2229eaa75d62a828621941b80395a07c

Visiting: $root.aes_main.r0.a1.q1
    Instance: q1
    Module  : sbox
    Hier(inst): $root.aes_main.r0.a1.q1
    Hier(mod) : $root.aes_main.round.subbytes.sbox
    Hash(mod) : 2229eaa75d62a828621941b80395a07c

Visiting: $root.aes_main.r0.a1.q2
    Instance: q2
    Module  : sbox
    Hier(inst): $root.aes_main.r0.a1.q2
    Hier(mod) : $root.aes_main.round.subbytes.sbox
    Hash(mod) : 2229eaa75d62a828621941b80395a07c

Visiting: $root.aes_main.r0.a1.q3
    Instance: q3
    Module  : sbox
    Hier(inst): $root.aes_main.r0.a1.q3
    Hier(mod) : $root.aes_main.round.subbytes.sbox
    Hash(mod) : 2229eaa75d62a828621941b80395a07c

Visiting: $root.aes_main.r0.a1.q4
    Instance: q4
    Module  : sbox
    Hier(inst): $root.aes_main.r0.a1.q4
    Hier(mod) : $root.aes_main.round.subbytes.sbox
    Hash(mod) : 2229eaa75d62a828621941b80395a07c

Visiting: $root.aes_main.r0.a1.q5
    Instance: q5
    Module  : sbox
    Hier(inst): $root.aes_main.r0.a1.q5
    Hier(mod) : $root.aes_main.round.subbytes.sbox
    Hash(mod) : 2229eaa75d62a828621941b80395a07c

Visiting: $root.aes_main.r0.a1.q6
    Instance: q6
    Module  : sbox
    Hier(inst): $root.aes_main.r0.a1.q6
    Hier(mod) : $root.aes_main.round.subbytes.sbox
    Hash(mod) : 2229eaa75d62a828621941b80395a07c

Visiting: $root.aes_main.r0.a1.q7
    Instance: q7
    Module  : sbox
    Hier(inst): $root.aes_main.r0.a1.q7
    Hier(mod) : $root.aes_main.round.subbytes.sbox
    Hash(mod) : 2229eaa75d62a828621941b80395a07c

Visiting: $root.aes_main.r0.a1.q8
    Instance: q8
    Module  : sbox
    Hier(inst): $root.aes_main.r0.a1.q8
    Hier(mod) : $root.aes_main.round.subbytes.sbox
    Hash(mod) : 2229eaa75d62a828621941b80395a07c

Visiting: $root.aes_main.r0.a1.q9
    Instance: q9
    Module  : sbox
    Hier(inst): $root.aes_main.r0.a1.q9
    Hier(mod) : $root.aes_main.round.subbytes.sbox
    Hash(mod) : 2229eaa75d62a828621941b80395a07c

Visiting: $root.aes_main.r0.a1.q10
    Instance: q10
    Module  : sbox
    Hier(inst): $root.aes_main.r0.a1.q10
    Hier(mod) : $root.aes_main.round.subbytes.sbox
    Hash(mod) : 2229eaa75d62a828621941b80395a07c

Visiting: $root.aes_main.r0.a1.q11
    Instance: q11
    Module  : sbox
    Hier(inst): $root.aes_main.r0.a1.q11
    Hier(mod) : $root.aes_main.round.subbytes.sbox
    Hash(mod) : 2229eaa75d62a828621941b80395a07c

Visiting: $root.aes_main.r0.a1.q12
    Instance: q12
    Module  : sbox
    Hier(inst): $root.aes_main.r0.a1.q12
    Hier(mod) : $root.aes_main.round.subbytes.sbox
    Hash(mod) : 2229eaa75d62a828621941b80395a07c

Visiting: $root.aes_main.r0.a1.q13
    Instance: q13
    Module  : sbox
    Hier(inst): $root.aes_main.r0.a1.q13
    Hier(mod) : $root.aes_main.round.subbytes.sbox
    Hash(mod) : 2229eaa75d62a828621941b80395a07c

Visiting: $root.aes_main.r0.a1.q14
    Instance: q14
    Module  : sbox
    Hier(inst): $root.aes_main.r0.a1.q14
    Hier(mod) : $root.aes_main.round.subbytes.sbox
    Hash(mod) : 2229eaa75d62a828621941b80395a07c

Visiting: $root.aes_main.r0.a1.q15
    Instance: q15
    Module  : sbox
    Hier(inst): $root.aes_main.r0.a1.q15
    Hier(mod) : $root.aes_main.round.subbytes.sbox
    Hash(mod) : 2229eaa75d62a828621941b80395a07c

Visiting: $root.aes_main.r0.a2
    Instance: a2
    Module  : shiftrows
    Hier(inst): $root.aes_main.r0.a2
    Hier(mod) : $root.aes_main.round.shiftrows
    Hash(mod) : 116f88f0b772c079b099f43882b5b112

Visiting: $root.aes_main.r0.m0
    Instance: m0
    Module  : mixcolumn
    Hier(inst): $root.aes_main.r0.m0
    Hier(mod) : $root.aes_main.round.mixcolumn
    Hash(mod) : 3cb5506f3dfc9a2e59a35462e5dc642f

Visiting: $root.aes_main.r1
    Instance: r1
    Module  : round
    Hier(inst): $root.aes_main.r1
    Hier(mod) : $root.aes_main.round
    Hash(mod) : 805eb8978a0e0dc42d171666231604e3

Visiting: $root.aes_main.r1.a1
    Instance: a1
    Module  : subbytes
    Hier(inst): $root.aes_main.r1.a1
    Hier(mod) : $root.aes_main.round.subbytes
    Hash(mod) : 58818d7c64d6e2dc01bc69fd885e9e96

Visiting: $root.aes_main.r1.a1.q0
    Instance: q0
    Module  : sbox
    Hier(inst): $root.aes_main.r1.a1.q0
    Hier(mod) : $root.aes_main.round.subbytes.sbox
    Hash(mod) : 2229eaa75d62a828621941b80395a07c

Visiting: $root.aes_main.r1.a1.q1
    Instance: q1
    Module  : sbox
    Hier(inst): $root.aes_main.r1.a1.q1
    Hier(mod) : $root.aes_main.round.subbytes.sbox
    Hash(mod) : 2229eaa75d62a828621941b80395a07c

Visiting: $root.aes_main.r1.a1.q2
    Instance: q2
    Module  : sbox
    Hier(inst): $root.aes_main.r1.a1.q2
    Hier(mod) : $root.aes_main.round.subbytes.sbox
    Hash(mod) : 2229eaa75d62a828621941b80395a07c

Visiting: $root.aes_main.r1.a1.q3
    Instance: q3
    Module  : sbox
    Hier(inst): $root.aes_main.r1.a1.q3
    Hier(mod) : $root.aes_main.round.subbytes.sbox
    Hash(mod) : 2229eaa75d62a828621941b80395a07c

Visiting: $root.aes_main.r1.a1.q4
    Instance: q4
    Module  : sbox
    Hier(inst): $root.aes_main.r1.a1.q4
    Hier(mod) : $root.aes_main.round.subbytes.sbox
    Hash(mod) : 2229eaa75d62a828621941b80395a07c

Visiting: $root.aes_main.r1.a1.q5
    Instance: q5
    Module  : sbox
    Hier(inst): $root.aes_main.r1.a1.q5
    Hier(mod) : $root.aes_main.round.subbytes.sbox
    Hash(mod) : 2229eaa75d62a828621941b80395a07c

Visiting: $root.aes_main.r1.a1.q6
    Instance: q6
    Module  : sbox
    Hier(inst): $root.aes_main.r1.a1.q6
    Hier(mod) : $root.aes_main.round.subbytes.sbox
    Hash(mod) : 2229eaa75d62a828621941b80395a07c

Visiting: $root.aes_main.r1.a1.q7
    Instance: q7
    Module  : sbox
    Hier(inst): $root.aes_main.r1.a1.q7
    Hier(mod) : $root.aes_main.round.subbytes.sbox
    Hash(mod) : 2229eaa75d62a828621941b80395a07c

Visiting: $root.aes_main.r1.a1.q8
    Instance: q8
    Module  : sbox
    Hier(inst): $root.aes_main.r1.a1.q8
    Hier(mod) : $root.aes_main.round.subbytes.sbox
    Hash(mod) : 2229eaa75d62a828621941b80395a07c

Visiting: $root.aes_main.r1.a1.q9
    Instance: q9
    Module  : sbox
    Hier(inst): $root.aes_main.r1.a1.q9
    Hier(mod) : $root.aes_main.round.subbytes.sbox
    Hash(mod) : 2229eaa75d62a828621941b80395a07c

Visiting: $root.aes_main.r1.a1.q10
    Instance: q10
    Module  : sbox
    Hier(inst): $root.aes_main.r1.a1.q10
    Hier(mod) : $root.aes_main.round.subbytes.sbox
    Hash(mod) : 2229eaa75d62a828621941b80395a07c

Visiting: $root.aes_main.r1.a1.q11
    Instance: q11
    Module  : sbox
    Hier(inst): $root.aes_main.r1.a1.q11
    Hier(mod) : $root.aes_main.round.subbytes.sbox
    Hash(mod) : 2229eaa75d62a828621941b80395a07c

Visiting: $root.aes_main.r1.a1.q12
    Instance: q12
    Module  : sbox
    Hier(inst): $root.aes_main.r1.a1.q12
    Hier(mod) : $root.aes_main.round.subbytes.sbox
    Hash(mod) : 2229eaa75d62a828621941b80395a07c

Visiting: $root.aes_main.r1.a1.q13
    Instance: q13
    Module  : sbox
    Hier(inst): $root.aes_main.r1.a1.q13
    Hier(mod) : $root.aes_main.round.subbytes.sbox
    Hash(mod) : 2229eaa75d62a828621941b80395a07c

Visiting: $root.aes_main.r1.a1.q14
    Instance: q14
    Module  : sbox
    Hier(inst): $root.aes_main.r1.a1.q14
    Hier(mod) : $root.aes_main.round.subbytes.sbox
    Hash(mod) : 2229eaa75d62a828621941b80395a07c

Visiting: $root.aes_main.r1.a1.q15
    Instance: q15
    Module  : sbox
    Hier(inst): $root.aes_main.r1.a1.q15
    Hier(mod) : $root.aes_main.round.subbytes.sbox
    Hash(mod) : 2229eaa75d62a828621941b80395a07c

Visiting: $root.aes_main.r1.a2
    Instance: a2
    Module  : shiftrows
    Hier(inst): $root.aes_main.r1.a2
    Hier(mod) : $root.aes_main.round.shiftrows
    Hash(mod) : 116f88f0b772c079b099f43882b5b112

Visiting: $root.aes_main.r1.m0
    Instance: m0
    Module  : mixcolumn
    Hier(inst): $root.aes_main.r1.m0
    Hier(mod) : $root.aes_main.round.mixcolumn
    Hash(mod) : 3cb5506f3dfc9a2e59a35462e5dc642f

Visiting: $root.aes_main.r2
    Instance: r2
    Module  : round
    Hier(inst): $root.aes_main.r2
    Hier(mod) : $root.aes_main.round
    Hash(mod) : 805eb8978a0e0dc42d171666231604e3

Visiting: $root.aes_main.r2.a1
    Instance: a1
    Module  : subbytes
    Hier(inst): $root.aes_main.r2.a1
    Hier(mod) : $root.aes_main.round.subbytes
    Hash(mod) : 58818d7c64d6e2dc01bc69fd885e9e96

Visiting: $root.aes_main.r2.a1.q0
    Instance: q0
    Module  : sbox
    Hier(inst): $root.aes_main.r2.a1.q0
    Hier(mod) : $root.aes_main.round.subbytes.sbox
    Hash(mod) : 2229eaa75d62a828621941b80395a07c

Visiting: $root.aes_main.r2.a1.q1
    Instance: q1
    Module  : sbox
    Hier(inst): $root.aes_main.r2.a1.q1
    Hier(mod) : $root.aes_main.round.subbytes.sbox
    Hash(mod) : 2229eaa75d62a828621941b80395a07c

Visiting: $root.aes_main.r2.a1.q2
    Instance: q2
    Module  : sbox
    Hier(inst): $root.aes_main.r2.a1.q2
    Hier(mod) : $root.aes_main.round.subbytes.sbox
    Hash(mod) : 2229eaa75d62a828621941b80395a07c

Visiting: $root.aes_main.r2.a1.q3
    Instance: q3
    Module  : sbox
    Hier(inst): $root.aes_main.r2.a1.q3
    Hier(mod) : $root.aes_main.round.subbytes.sbox
    Hash(mod) : 2229eaa75d62a828621941b80395a07c

Visiting: $root.aes_main.r2.a1.q4
    Instance: q4
    Module  : sbox
    Hier(inst): $root.aes_main.r2.a1.q4
    Hier(mod) : $root.aes_main.round.subbytes.sbox
    Hash(mod) : 2229eaa75d62a828621941b80395a07c

Visiting: $root.aes_main.r2.a1.q5
    Instance: q5
    Module  : sbox
    Hier(inst): $root.aes_main.r2.a1.q5
    Hier(mod) : $root.aes_main.round.subbytes.sbox
    Hash(mod) : 2229eaa75d62a828621941b80395a07c

Visiting: $root.aes_main.r2.a1.q6
    Instance: q6
    Module  : sbox
    Hier(inst): $root.aes_main.r2.a1.q6
    Hier(mod) : $root.aes_main.round.subbytes.sbox
    Hash(mod) : 2229eaa75d62a828621941b80395a07c

Visiting: $root.aes_main.r2.a1.q7
    Instance: q7
    Module  : sbox
    Hier(inst): $root.aes_main.r2.a1.q7
    Hier(mod) : $root.aes_main.round.subbytes.sbox
    Hash(mod) : 2229eaa75d62a828621941b80395a07c

Visiting: $root.aes_main.r2.a1.q8
    Instance: q8
    Module  : sbox
    Hier(inst): $root.aes_main.r2.a1.q8
    Hier(mod) : $root.aes_main.round.subbytes.sbox
    Hash(mod) : 2229eaa75d62a828621941b80395a07c

Visiting: $root.aes_main.r2.a1.q9
    Instance: q9
    Module  : sbox
    Hier(inst): $root.aes_main.r2.a1.q9
    Hier(mod) : $root.aes_main.round.subbytes.sbox
    Hash(mod) : 2229eaa75d62a828621941b80395a07c

Visiting: $root.aes_main.r2.a1.q10
    Instance: q10
    Module  : sbox
    Hier(inst): $root.aes_main.r2.a1.q10
    Hier(mod) : $root.aes_main.round.subbytes.sbox
    Hash(mod) : 2229eaa75d62a828621941b80395a07c

Visiting: $root.aes_main.r2.a1.q11
    Instance: q11
    Module  : sbox
    Hier(inst): $root.aes_main.r2.a1.q11
    Hier(mod) : $root.aes_main.round.subbytes.sbox
    Hash(mod) : 2229eaa75d62a828621941b80395a07c

Visiting: $root.aes_main.r2.a1.q12
    Instance: q12
    Module  : sbox
    Hier(inst): $root.aes_main.r2.a1.q12
    Hier(mod) : $root.aes_main.round.subbytes.sbox
    Hash(mod) : 2229eaa75d62a828621941b80395a07c

Visiting: $root.aes_main.r2.a1.q13
    Instance: q13
    Module  : sbox
    Hier(inst): $root.aes_main.r2.a1.q13
    Hier(mod) : $root.aes_main.round.subbytes.sbox
    Hash(mod) : 2229eaa75d62a828621941b80395a07c

Visiting: $root.aes_main.r2.a1.q14
    Instance: q14
    Module  : sbox
    Hier(inst): $root.aes_main.r2.a1.q14
    Hier(mod) : $root.aes_main.round.subbytes.sbox
    Hash(mod) : 2229eaa75d62a828621941b80395a07c

Visiting: $root.aes_main.r2.a1.q15
    Instance: q15
    Module  : sbox
    Hier(inst): $root.aes_main.r2.a1.q15
    Hier(mod) : $root.aes_main.round.subbytes.sbox
    Hash(mod) : 2229eaa75d62a828621941b80395a07c

Visiting: $root.aes_main.r2.a2
    Instance: a2
    Module  : shiftrows
    Hier(inst): $root.aes_main.r2.a2
    Hier(mod) : $root.aes_main.round.shiftrows
    Hash(mod) : 116f88f0b772c079b099f43882b5b112

Visiting: $root.aes_main.r2.m0
    Instance: m0
    Module  : mixcolumn
    Hier(inst): $root.aes_main.r2.m0
    Hier(mod) : $root.aes_main.round.mixcolumn
    Hash(mod) : 3cb5506f3dfc9a2e59a35462e5dc642f

Visiting: $root.aes_main.r3
    Instance: r3
    Module  : round
    Hier(inst): $root.aes_main.r3
    Hier(mod) : $root.aes_main.round
    Hash(mod) : 805eb8978a0e0dc42d171666231604e3

Visiting: $root.aes_main.r3.a1
    Instance: a1
    Module  : subbytes
    Hier(inst): $root.aes_main.r3.a1
    Hier(mod) : $root.aes_main.round.subbytes
    Hash(mod) : 58818d7c64d6e2dc01bc69fd885e9e96

Visiting: $root.aes_main.r3.a1.q0
    Instance: q0
    Module  : sbox
    Hier(inst): $root.aes_main.r3.a1.q0
    Hier(mod) : $root.aes_main.round.subbytes.sbox
    Hash(mod) : 2229eaa75d62a828621941b80395a07c

Visiting: $root.aes_main.r3.a1.q1
    Instance: q1
    Module  : sbox
    Hier(inst): $root.aes_main.r3.a1.q1
    Hier(mod) : $root.aes_main.round.subbytes.sbox
    Hash(mod) : 2229eaa75d62a828621941b80395a07c

Visiting: $root.aes_main.r3.a1.q2
    Instance: q2
    Module  : sbox
    Hier(inst): $root.aes_main.r3.a1.q2
    Hier(mod) : $root.aes_main.round.subbytes.sbox
    Hash(mod) : 2229eaa75d62a828621941b80395a07c

Visiting: $root.aes_main.r3.a1.q3
    Instance: q3
    Module  : sbox
    Hier(inst): $root.aes_main.r3.a1.q3
    Hier(mod) : $root.aes_main.round.subbytes.sbox
    Hash(mod) : 2229eaa75d62a828621941b80395a07c

Visiting: $root.aes_main.r3.a1.q4
    Instance: q4
    Module  : sbox
    Hier(inst): $root.aes_main.r3.a1.q4
    Hier(mod) : $root.aes_main.round.subbytes.sbox
    Hash(mod) : 2229eaa75d62a828621941b80395a07c

Visiting: $root.aes_main.r3.a1.q5
    Instance: q5
    Module  : sbox
    Hier(inst): $root.aes_main.r3.a1.q5
    Hier(mod) : $root.aes_main.round.subbytes.sbox
    Hash(mod) : 2229eaa75d62a828621941b80395a07c

Visiting: $root.aes_main.r3.a1.q6
    Instance: q6
    Module  : sbox
    Hier(inst): $root.aes_main.r3.a1.q6
    Hier(mod) : $root.aes_main.round.subbytes.sbox
    Hash(mod) : 2229eaa75d62a828621941b80395a07c

Visiting: $root.aes_main.r3.a1.q7
    Instance: q7
    Module  : sbox
    Hier(inst): $root.aes_main.r3.a1.q7
    Hier(mod) : $root.aes_main.round.subbytes.sbox
    Hash(mod) : 2229eaa75d62a828621941b80395a07c

Visiting: $root.aes_main.r3.a1.q8
    Instance: q8
    Module  : sbox
    Hier(inst): $root.aes_main.r3.a1.q8
    Hier(mod) : $root.aes_main.round.subbytes.sbox
    Hash(mod) : 2229eaa75d62a828621941b80395a07c

Visiting: $root.aes_main.r3.a1.q9
    Instance: q9
    Module  : sbox
    Hier(inst): $root.aes_main.r3.a1.q9
    Hier(mod) : $root.aes_main.round.subbytes.sbox
    Hash(mod) : 2229eaa75d62a828621941b80395a07c

Visiting: $root.aes_main.r3.a1.q10
    Instance: q10
    Module  : sbox
    Hier(inst): $root.aes_main.r3.a1.q10
    Hier(mod) : $root.aes_main.round.subbytes.sbox
    Hash(mod) : 2229eaa75d62a828621941b80395a07c

Visiting: $root.aes_main.r3.a1.q11
    Instance: q11
    Module  : sbox
    Hier(inst): $root.aes_main.r3.a1.q11
    Hier(mod) : $root.aes_main.round.subbytes.sbox
    Hash(mod) : 2229eaa75d62a828621941b80395a07c

Visiting: $root.aes_main.r3.a1.q12
    Instance: q12
    Module  : sbox
    Hier(inst): $root.aes_main.r3.a1.q12
    Hier(mod) : $root.aes_main.round.subbytes.sbox
    Hash(mod) : 2229eaa75d62a828621941b80395a07c

Visiting: $root.aes_main.r3.a1.q13
    Instance: q13
    Module  : sbox
    Hier(inst): $root.aes_main.r3.a1.q13
    Hier(mod) : $root.aes_main.round.subbytes.sbox
    Hash(mod) : 2229eaa75d62a828621941b80395a07c

Visiting: $root.aes_main.r3.a1.q14
    Instance: q14
    Module  : sbox
    Hier(inst): $root.aes_main.r3.a1.q14
    Hier(mod) : $root.aes_main.round.subbytes.sbox
    Hash(mod) : 2229eaa75d62a828621941b80395a07c

Visiting: $root.aes_main.r3.a1.q15
    Instance: q15
    Module  : sbox
    Hier(inst): $root.aes_main.r3.a1.q15
    Hier(mod) : $root.aes_main.round.subbytes.sbox
    Hash(mod) : 2229eaa75d62a828621941b80395a07c

Visiting: $root.aes_main.r3.a2
    Instance: a2
    Module  : shiftrows
    Hier(inst): $root.aes_main.r3.a2
    Hier(mod) : $root.aes_main.round.shiftrows
    Hash(mod) : 116f88f0b772c079b099f43882b5b112

Visiting: $root.aes_main.r3.m0
    Instance: m0
    Module  : mixcolumn
    Hier(inst): $root.aes_main.r3.m0
    Hier(mod) : $root.aes_main.round.mixcolumn
    Hash(mod) : 3cb5506f3dfc9a2e59a35462e5dc642f

Visiting: $root.aes_main.r4
    Instance: r4
    Module  : round
    Hier(inst): $root.aes_main.r4
    Hier(mod) : $root.aes_main.round
    Hash(mod) : 805eb8978a0e0dc42d171666231604e3

Visiting: $root.aes_main.r4.a1
    Instance: a1
    Module  : subbytes
    Hier(inst): $root.aes_main.r4.a1
    Hier(mod) : $root.aes_main.round.subbytes
    Hash(mod) : 58818d7c64d6e2dc01bc69fd885e9e96

Visiting: $root.aes_main.r4.a1.q0
    Instance: q0
    Module  : sbox
    Hier(inst): $root.aes_main.r4.a1.q0
    Hier(mod) : $root.aes_main.round.subbytes.sbox
    Hash(mod) : 2229eaa75d62a828621941b80395a07c

Visiting: $root.aes_main.r4.a1.q1
    Instance: q1
    Module  : sbox
    Hier(inst): $root.aes_main.r4.a1.q1
    Hier(mod) : $root.aes_main.round.subbytes.sbox
    Hash(mod) : 2229eaa75d62a828621941b80395a07c

Visiting: $root.aes_main.r4.a1.q2
    Instance: q2
    Module  : sbox
    Hier(inst): $root.aes_main.r4.a1.q2
    Hier(mod) : $root.aes_main.round.subbytes.sbox
    Hash(mod) : 2229eaa75d62a828621941b80395a07c

Visiting: $root.aes_main.r4.a1.q3
    Instance: q3
    Module  : sbox
    Hier(inst): $root.aes_main.r4.a1.q3
    Hier(mod) : $root.aes_main.round.subbytes.sbox
    Hash(mod) : 2229eaa75d62a828621941b80395a07c

Visiting: $root.aes_main.r4.a1.q4
    Instance: q4
    Module  : sbox
    Hier(inst): $root.aes_main.r4.a1.q4
    Hier(mod) : $root.aes_main.round.subbytes.sbox
    Hash(mod) : 2229eaa75d62a828621941b80395a07c

Visiting: $root.aes_main.r4.a1.q5
    Instance: q5
    Module  : sbox
    Hier(inst): $root.aes_main.r4.a1.q5
    Hier(mod) : $root.aes_main.round.subbytes.sbox
    Hash(mod) : 2229eaa75d62a828621941b80395a07c

Visiting: $root.aes_main.r4.a1.q6
    Instance: q6
    Module  : sbox
    Hier(inst): $root.aes_main.r4.a1.q6
    Hier(mod) : $root.aes_main.round.subbytes.sbox
    Hash(mod) : 2229eaa75d62a828621941b80395a07c

Visiting: $root.aes_main.r4.a1.q7
    Instance: q7
    Module  : sbox
    Hier(inst): $root.aes_main.r4.a1.q7
    Hier(mod) : $root.aes_main.round.subbytes.sbox
    Hash(mod) : 2229eaa75d62a828621941b80395a07c

Visiting: $root.aes_main.r4.a1.q8
    Instance: q8
    Module  : sbox
    Hier(inst): $root.aes_main.r4.a1.q8
    Hier(mod) : $root.aes_main.round.subbytes.sbox
    Hash(mod) : 2229eaa75d62a828621941b80395a07c

Visiting: $root.aes_main.r4.a1.q9
    Instance: q9
    Module  : sbox
    Hier(inst): $root.aes_main.r4.a1.q9
    Hier(mod) : $root.aes_main.round.subbytes.sbox
    Hash(mod) : 2229eaa75d62a828621941b80395a07c

Visiting: $root.aes_main.r4.a1.q10
    Instance: q10
    Module  : sbox
    Hier(inst): $root.aes_main.r4.a1.q10
    Hier(mod) : $root.aes_main.round.subbytes.sbox
    Hash(mod) : 2229eaa75d62a828621941b80395a07c

Visiting: $root.aes_main.r4.a1.q11
    Instance: q11
    Module  : sbox
    Hier(inst): $root.aes_main.r4.a1.q11
    Hier(mod) : $root.aes_main.round.subbytes.sbox
    Hash(mod) : 2229eaa75d62a828621941b80395a07c

Visiting: $root.aes_main.r4.a1.q12
    Instance: q12
    Module  : sbox
    Hier(inst): $root.aes_main.r4.a1.q12
    Hier(mod) : $root.aes_main.round.subbytes.sbox
    Hash(mod) : 2229eaa75d62a828621941b80395a07c

Visiting: $root.aes_main.r4.a1.q13
    Instance: q13
    Module  : sbox
    Hier(inst): $root.aes_main.r4.a1.q13
    Hier(mod) : $root.aes_main.round.subbytes.sbox
    Hash(mod) : 2229eaa75d62a828621941b80395a07c

Visiting: $root.aes_main.r4.a1.q14
    Instance: q14
    Module  : sbox
    Hier(inst): $root.aes_main.r4.a1.q14
    Hier(mod) : $root.aes_main.round.subbytes.sbox
    Hash(mod) : 2229eaa75d62a828621941b80395a07c

Visiting: $root.aes_main.r4.a1.q15
    Instance: q15
    Module  : sbox
    Hier(inst): $root.aes_main.r4.a1.q15
    Hier(mod) : $root.aes_main.round.subbytes.sbox
    Hash(mod) : 2229eaa75d62a828621941b80395a07c

Visiting: $root.aes_main.r4.a2
    Instance: a2
    Module  : shiftrows
    Hier(inst): $root.aes_main.r4.a2
    Hier(mod) : $root.aes_main.round.shiftrows
    Hash(mod) : 116f88f0b772c079b099f43882b5b112

Visiting: $root.aes_main.r4.m0
    Instance: m0
    Module  : mixcolumn
    Hier(inst): $root.aes_main.r4.m0
    Hier(mod) : $root.aes_main.round.mixcolumn
    Hash(mod) : 3cb5506f3dfc9a2e59a35462e5dc642f

Visiting: $root.aes_main.r5
    Instance: r5
    Module  : round
    Hier(inst): $root.aes_main.r5
    Hier(mod) : $root.aes_main.round
    Hash(mod) : 805eb8978a0e0dc42d171666231604e3

Visiting: $root.aes_main.r5.a1
    Instance: a1
    Module  : subbytes
    Hier(inst): $root.aes_main.r5.a1
    Hier(mod) : $root.aes_main.round.subbytes
    Hash(mod) : 58818d7c64d6e2dc01bc69fd885e9e96

Visiting: $root.aes_main.r5.a1.q0
    Instance: q0
    Module  : sbox
    Hier(inst): $root.aes_main.r5.a1.q0
    Hier(mod) : $root.aes_main.round.subbytes.sbox
    Hash(mod) : 2229eaa75d62a828621941b80395a07c

Visiting: $root.aes_main.r5.a1.q1
    Instance: q1
    Module  : sbox
    Hier(inst): $root.aes_main.r5.a1.q1
    Hier(mod) : $root.aes_main.round.subbytes.sbox
    Hash(mod) : 2229eaa75d62a828621941b80395a07c

Visiting: $root.aes_main.r5.a1.q2
    Instance: q2
    Module  : sbox
    Hier(inst): $root.aes_main.r5.a1.q2
    Hier(mod) : $root.aes_main.round.subbytes.sbox
    Hash(mod) : 2229eaa75d62a828621941b80395a07c

Visiting: $root.aes_main.r5.a1.q3
    Instance: q3
    Module  : sbox
    Hier(inst): $root.aes_main.r5.a1.q3
    Hier(mod) : $root.aes_main.round.subbytes.sbox
    Hash(mod) : 2229eaa75d62a828621941b80395a07c

Visiting: $root.aes_main.r5.a1.q4
    Instance: q4
    Module  : sbox
    Hier(inst): $root.aes_main.r5.a1.q4
    Hier(mod) : $root.aes_main.round.subbytes.sbox
    Hash(mod) : 2229eaa75d62a828621941b80395a07c

Visiting: $root.aes_main.r5.a1.q5
    Instance: q5
    Module  : sbox
    Hier(inst): $root.aes_main.r5.a1.q5
    Hier(mod) : $root.aes_main.round.subbytes.sbox
    Hash(mod) : 2229eaa75d62a828621941b80395a07c

Visiting: $root.aes_main.r5.a1.q6
    Instance: q6
    Module  : sbox
    Hier(inst): $root.aes_main.r5.a1.q6
    Hier(mod) : $root.aes_main.round.subbytes.sbox
    Hash(mod) : 2229eaa75d62a828621941b80395a07c

Visiting: $root.aes_main.r5.a1.q7
    Instance: q7
    Module  : sbox
    Hier(inst): $root.aes_main.r5.a1.q7
    Hier(mod) : $root.aes_main.round.subbytes.sbox
    Hash(mod) : 2229eaa75d62a828621941b80395a07c

Visiting: $root.aes_main.r5.a1.q8
    Instance: q8
    Module  : sbox
    Hier(inst): $root.aes_main.r5.a1.q8
    Hier(mod) : $root.aes_main.round.subbytes.sbox
    Hash(mod) : 2229eaa75d62a828621941b80395a07c

Visiting: $root.aes_main.r5.a1.q9
    Instance: q9
    Module  : sbox
    Hier(inst): $root.aes_main.r5.a1.q9
    Hier(mod) : $root.aes_main.round.subbytes.sbox
    Hash(mod) : 2229eaa75d62a828621941b80395a07c

Visiting: $root.aes_main.r5.a1.q10
    Instance: q10
    Module  : sbox
    Hier(inst): $root.aes_main.r5.a1.q10
    Hier(mod) : $root.aes_main.round.subbytes.sbox
    Hash(mod) : 2229eaa75d62a828621941b80395a07c

Visiting: $root.aes_main.r5.a1.q11
    Instance: q11
    Module  : sbox
    Hier(inst): $root.aes_main.r5.a1.q11
    Hier(mod) : $root.aes_main.round.subbytes.sbox
    Hash(mod) : 2229eaa75d62a828621941b80395a07c

Visiting: $root.aes_main.r5.a1.q12
    Instance: q12
    Module  : sbox
    Hier(inst): $root.aes_main.r5.a1.q12
    Hier(mod) : $root.aes_main.round.subbytes.sbox
    Hash(mod) : 2229eaa75d62a828621941b80395a07c

Visiting: $root.aes_main.r5.a1.q13
    Instance: q13
    Module  : sbox
    Hier(inst): $root.aes_main.r5.a1.q13
    Hier(mod) : $root.aes_main.round.subbytes.sbox
    Hash(mod) : 2229eaa75d62a828621941b80395a07c

Visiting: $root.aes_main.r5.a1.q14
    Instance: q14
    Module  : sbox
    Hier(inst): $root.aes_main.r5.a1.q14
    Hier(mod) : $root.aes_main.round.subbytes.sbox
    Hash(mod) : 2229eaa75d62a828621941b80395a07c

Visiting: $root.aes_main.r5.a1.q15
    Instance: q15
    Module  : sbox
    Hier(inst): $root.aes_main.r5.a1.q15
    Hier(mod) : $root.aes_main.round.subbytes.sbox
    Hash(mod) : 2229eaa75d62a828621941b80395a07c

Visiting: $root.aes_main.r5.a2
    Instance: a2
    Module  : shiftrows
    Hier(inst): $root.aes_main.r5.a2
    Hier(mod) : $root.aes_main.round.shiftrows
    Hash(mod) : 116f88f0b772c079b099f43882b5b112

Visiting: $root.aes_main.r5.m0
    Instance: m0
    Module  : mixcolumn
    Hier(inst): $root.aes_main.r5.m0
    Hier(mod) : $root.aes_main.round.mixcolumn
    Hash(mod) : 3cb5506f3dfc9a2e59a35462e5dc642f

Visiting: $root.aes_main.r6
    Instance: r6
    Module  : round
    Hier(inst): $root.aes_main.r6
    Hier(mod) : $root.aes_main.round
    Hash(mod) : 805eb8978a0e0dc42d171666231604e3

Visiting: $root.aes_main.r6.a1
    Instance: a1
    Module  : subbytes
    Hier(inst): $root.aes_main.r6.a1
    Hier(mod) : $root.aes_main.round.subbytes
    Hash(mod) : 58818d7c64d6e2dc01bc69fd885e9e96

Visiting: $root.aes_main.r6.a1.q0
    Instance: q0
    Module  : sbox
    Hier(inst): $root.aes_main.r6.a1.q0
    Hier(mod) : $root.aes_main.round.subbytes.sbox
    Hash(mod) : 2229eaa75d62a828621941b80395a07c

Visiting: $root.aes_main.r6.a1.q1
    Instance: q1
    Module  : sbox
    Hier(inst): $root.aes_main.r6.a1.q1
    Hier(mod) : $root.aes_main.round.subbytes.sbox
    Hash(mod) : 2229eaa75d62a828621941b80395a07c

Visiting: $root.aes_main.r6.a1.q2
    Instance: q2
    Module  : sbox
    Hier(inst): $root.aes_main.r6.a1.q2
    Hier(mod) : $root.aes_main.round.subbytes.sbox
    Hash(mod) : 2229eaa75d62a828621941b80395a07c

Visiting: $root.aes_main.r6.a1.q3
    Instance: q3
    Module  : sbox
    Hier(inst): $root.aes_main.r6.a1.q3
    Hier(mod) : $root.aes_main.round.subbytes.sbox
    Hash(mod) : 2229eaa75d62a828621941b80395a07c

Visiting: $root.aes_main.r6.a1.q4
    Instance: q4
    Module  : sbox
    Hier(inst): $root.aes_main.r6.a1.q4
    Hier(mod) : $root.aes_main.round.subbytes.sbox
    Hash(mod) : 2229eaa75d62a828621941b80395a07c

Visiting: $root.aes_main.r6.a1.q5
    Instance: q5
    Module  : sbox
    Hier(inst): $root.aes_main.r6.a1.q5
    Hier(mod) : $root.aes_main.round.subbytes.sbox
    Hash(mod) : 2229eaa75d62a828621941b80395a07c

Visiting: $root.aes_main.r6.a1.q6
    Instance: q6
    Module  : sbox
    Hier(inst): $root.aes_main.r6.a1.q6
    Hier(mod) : $root.aes_main.round.subbytes.sbox
    Hash(mod) : 2229eaa75d62a828621941b80395a07c

Visiting: $root.aes_main.r6.a1.q7
    Instance: q7
    Module  : sbox
    Hier(inst): $root.aes_main.r6.a1.q7
    Hier(mod) : $root.aes_main.round.subbytes.sbox
    Hash(mod) : 2229eaa75d62a828621941b80395a07c

Visiting: $root.aes_main.r6.a1.q8
    Instance: q8
    Module  : sbox
    Hier(inst): $root.aes_main.r6.a1.q8
    Hier(mod) : $root.aes_main.round.subbytes.sbox
    Hash(mod) : 2229eaa75d62a828621941b80395a07c

Visiting: $root.aes_main.r6.a1.q9
    Instance: q9
    Module  : sbox
    Hier(inst): $root.aes_main.r6.a1.q9
    Hier(mod) : $root.aes_main.round.subbytes.sbox
    Hash(mod) : 2229eaa75d62a828621941b80395a07c

Visiting: $root.aes_main.r6.a1.q10
    Instance: q10
    Module  : sbox
    Hier(inst): $root.aes_main.r6.a1.q10
    Hier(mod) : $root.aes_main.round.subbytes.sbox
    Hash(mod) : 2229eaa75d62a828621941b80395a07c

Visiting: $root.aes_main.r6.a1.q11
    Instance: q11
    Module  : sbox
    Hier(inst): $root.aes_main.r6.a1.q11
    Hier(mod) : $root.aes_main.round.subbytes.sbox
    Hash(mod) : 2229eaa75d62a828621941b80395a07c

Visiting: $root.aes_main.r6.a1.q12
    Instance: q12
    Module  : sbox
    Hier(inst): $root.aes_main.r6.a1.q12
    Hier(mod) : $root.aes_main.round.subbytes.sbox
    Hash(mod) : 2229eaa75d62a828621941b80395a07c

Visiting: $root.aes_main.r6.a1.q13
    Instance: q13
    Module  : sbox
    Hier(inst): $root.aes_main.r6.a1.q13
    Hier(mod) : $root.aes_main.round.subbytes.sbox
    Hash(mod) : 2229eaa75d62a828621941b80395a07c

Visiting: $root.aes_main.r6.a1.q14
    Instance: q14
    Module  : sbox
    Hier(inst): $root.aes_main.r6.a1.q14
    Hier(mod) : $root.aes_main.round.subbytes.sbox
    Hash(mod) : 2229eaa75d62a828621941b80395a07c

Visiting: $root.aes_main.r6.a1.q15
    Instance: q15
    Module  : sbox
    Hier(inst): $root.aes_main.r6.a1.q15
    Hier(mod) : $root.aes_main.round.subbytes.sbox
    Hash(mod) : 2229eaa75d62a828621941b80395a07c

Visiting: $root.aes_main.r6.a2
    Instance: a2
    Module  : shiftrows
    Hier(inst): $root.aes_main.r6.a2
    Hier(mod) : $root.aes_main.round.shiftrows
    Hash(mod) : 116f88f0b772c079b099f43882b5b112

Visiting: $root.aes_main.r6.m0
    Instance: m0
    Module  : mixcolumn
    Hier(inst): $root.aes_main.r6.m0
    Hier(mod) : $root.aes_main.round.mixcolumn
    Hash(mod) : 3cb5506f3dfc9a2e59a35462e5dc642f

Visiting: $root.aes_main.r7
    Instance: r7
    Module  : round
    Hier(inst): $root.aes_main.r7
    Hier(mod) : $root.aes_main.round
    Hash(mod) : 805eb8978a0e0dc42d171666231604e3

Visiting: $root.aes_main.r7.a1
    Instance: a1
    Module  : subbytes
    Hier(inst): $root.aes_main.r7.a1
    Hier(mod) : $root.aes_main.round.subbytes
    Hash(mod) : 58818d7c64d6e2dc01bc69fd885e9e96

Visiting: $root.aes_main.r7.a1.q0
    Instance: q0
    Module  : sbox
    Hier(inst): $root.aes_main.r7.a1.q0
    Hier(mod) : $root.aes_main.round.subbytes.sbox
    Hash(mod) : 2229eaa75d62a828621941b80395a07c

Visiting: $root.aes_main.r7.a1.q1
    Instance: q1
    Module  : sbox
    Hier(inst): $root.aes_main.r7.a1.q1
    Hier(mod) : $root.aes_main.round.subbytes.sbox
    Hash(mod) : 2229eaa75d62a828621941b80395a07c

Visiting: $root.aes_main.r7.a1.q2
    Instance: q2
    Module  : sbox
    Hier(inst): $root.aes_main.r7.a1.q2
    Hier(mod) : $root.aes_main.round.subbytes.sbox
    Hash(mod) : 2229eaa75d62a828621941b80395a07c

Visiting: $root.aes_main.r7.a1.q3
    Instance: q3
    Module  : sbox
    Hier(inst): $root.aes_main.r7.a1.q3
    Hier(mod) : $root.aes_main.round.subbytes.sbox
    Hash(mod) : 2229eaa75d62a828621941b80395a07c

Visiting: $root.aes_main.r7.a1.q4
    Instance: q4
    Module  : sbox
    Hier(inst): $root.aes_main.r7.a1.q4
    Hier(mod) : $root.aes_main.round.subbytes.sbox
    Hash(mod) : 2229eaa75d62a828621941b80395a07c

Visiting: $root.aes_main.r7.a1.q5
    Instance: q5
    Module  : sbox
    Hier(inst): $root.aes_main.r7.a1.q5
    Hier(mod) : $root.aes_main.round.subbytes.sbox
    Hash(mod) : 2229eaa75d62a828621941b80395a07c

Visiting: $root.aes_main.r7.a1.q6
    Instance: q6
    Module  : sbox
    Hier(inst): $root.aes_main.r7.a1.q6
    Hier(mod) : $root.aes_main.round.subbytes.sbox
    Hash(mod) : 2229eaa75d62a828621941b80395a07c

Visiting: $root.aes_main.r7.a1.q7
    Instance: q7
    Module  : sbox
    Hier(inst): $root.aes_main.r7.a1.q7
    Hier(mod) : $root.aes_main.round.subbytes.sbox
    Hash(mod) : 2229eaa75d62a828621941b80395a07c

Visiting: $root.aes_main.r7.a1.q8
    Instance: q8
    Module  : sbox
    Hier(inst): $root.aes_main.r7.a1.q8
    Hier(mod) : $root.aes_main.round.subbytes.sbox
    Hash(mod) : 2229eaa75d62a828621941b80395a07c

Visiting: $root.aes_main.r7.a1.q9
    Instance: q9
    Module  : sbox
    Hier(inst): $root.aes_main.r7.a1.q9
    Hier(mod) : $root.aes_main.round.subbytes.sbox
    Hash(mod) : 2229eaa75d62a828621941b80395a07c

Visiting: $root.aes_main.r7.a1.q10
    Instance: q10
    Module  : sbox
    Hier(inst): $root.aes_main.r7.a1.q10
    Hier(mod) : $root.aes_main.round.subbytes.sbox
    Hash(mod) : 2229eaa75d62a828621941b80395a07c

Visiting: $root.aes_main.r7.a1.q11
    Instance: q11
    Module  : sbox
    Hier(inst): $root.aes_main.r7.a1.q11
    Hier(mod) : $root.aes_main.round.subbytes.sbox
    Hash(mod) : 2229eaa75d62a828621941b80395a07c

Visiting: $root.aes_main.r7.a1.q12
    Instance: q12
    Module  : sbox
    Hier(inst): $root.aes_main.r7.a1.q12
    Hier(mod) : $root.aes_main.round.subbytes.sbox
    Hash(mod) : 2229eaa75d62a828621941b80395a07c

Visiting: $root.aes_main.r7.a1.q13
    Instance: q13
    Module  : sbox
    Hier(inst): $root.aes_main.r7.a1.q13
    Hier(mod) : $root.aes_main.round.subbytes.sbox
    Hash(mod) : 2229eaa75d62a828621941b80395a07c

Visiting: $root.aes_main.r7.a1.q14
    Instance: q14
    Module  : sbox
    Hier(inst): $root.aes_main.r7.a1.q14
    Hier(mod) : $root.aes_main.round.subbytes.sbox
    Hash(mod) : 2229eaa75d62a828621941b80395a07c

Visiting: $root.aes_main.r7.a1.q15
    Instance: q15
    Module  : sbox
    Hier(inst): $root.aes_main.r7.a1.q15
    Hier(mod) : $root.aes_main.round.subbytes.sbox
    Hash(mod) : 2229eaa75d62a828621941b80395a07c

Visiting: $root.aes_main.r7.a2
    Instance: a2
    Module  : shiftrows
    Hier(inst): $root.aes_main.r7.a2
    Hier(mod) : $root.aes_main.round.shiftrows
    Hash(mod) : 116f88f0b772c079b099f43882b5b112

Visiting: $root.aes_main.r7.m0
    Instance: m0
    Module  : mixcolumn
    Hier(inst): $root.aes_main.r7.m0
    Hier(mod) : $root.aes_main.round.mixcolumn
    Hash(mod) : 3cb5506f3dfc9a2e59a35462e5dc642f

Visiting: $root.aes_main.r8
    Instance: r8
    Module  : round
    Hier(inst): $root.aes_main.r8
    Hier(mod) : $root.aes_main.round
    Hash(mod) : 805eb8978a0e0dc42d171666231604e3

Visiting: $root.aes_main.r8.a1
    Instance: a1
    Module  : subbytes
    Hier(inst): $root.aes_main.r8.a1
    Hier(mod) : $root.aes_main.round.subbytes
    Hash(mod) : 58818d7c64d6e2dc01bc69fd885e9e96

Visiting: $root.aes_main.r8.a1.q0
    Instance: q0
    Module  : sbox
    Hier(inst): $root.aes_main.r8.a1.q0
    Hier(mod) : $root.aes_main.round.subbytes.sbox
    Hash(mod) : 2229eaa75d62a828621941b80395a07c

Visiting: $root.aes_main.r8.a1.q1
    Instance: q1
    Module  : sbox
    Hier(inst): $root.aes_main.r8.a1.q1
    Hier(mod) : $root.aes_main.round.subbytes.sbox
    Hash(mod) : 2229eaa75d62a828621941b80395a07c

Visiting: $root.aes_main.r8.a1.q2
    Instance: q2
    Module  : sbox
    Hier(inst): $root.aes_main.r8.a1.q2
    Hier(mod) : $root.aes_main.round.subbytes.sbox
    Hash(mod) : 2229eaa75d62a828621941b80395a07c

Visiting: $root.aes_main.r8.a1.q3
    Instance: q3
    Module  : sbox
    Hier(inst): $root.aes_main.r8.a1.q3
    Hier(mod) : $root.aes_main.round.subbytes.sbox
    Hash(mod) : 2229eaa75d62a828621941b80395a07c

Visiting: $root.aes_main.r8.a1.q4
    Instance: q4
    Module  : sbox
    Hier(inst): $root.aes_main.r8.a1.q4
    Hier(mod) : $root.aes_main.round.subbytes.sbox
    Hash(mod) : 2229eaa75d62a828621941b80395a07c

Visiting: $root.aes_main.r8.a1.q5
    Instance: q5
    Module  : sbox
    Hier(inst): $root.aes_main.r8.a1.q5
    Hier(mod) : $root.aes_main.round.subbytes.sbox
    Hash(mod) : 2229eaa75d62a828621941b80395a07c

Visiting: $root.aes_main.r8.a1.q6
    Instance: q6
    Module  : sbox
    Hier(inst): $root.aes_main.r8.a1.q6
    Hier(mod) : $root.aes_main.round.subbytes.sbox
    Hash(mod) : 2229eaa75d62a828621941b80395a07c

Visiting: $root.aes_main.r8.a1.q7
    Instance: q7
    Module  : sbox
    Hier(inst): $root.aes_main.r8.a1.q7
    Hier(mod) : $root.aes_main.round.subbytes.sbox
    Hash(mod) : 2229eaa75d62a828621941b80395a07c

Visiting: $root.aes_main.r8.a1.q8
    Instance: q8
    Module  : sbox
    Hier(inst): $root.aes_main.r8.a1.q8
    Hier(mod) : $root.aes_main.round.subbytes.sbox
    Hash(mod) : 2229eaa75d62a828621941b80395a07c

Visiting: $root.aes_main.r8.a1.q9
    Instance: q9
    Module  : sbox
    Hier(inst): $root.aes_main.r8.a1.q9
    Hier(mod) : $root.aes_main.round.subbytes.sbox
    Hash(mod) : 2229eaa75d62a828621941b80395a07c

Visiting: $root.aes_main.r8.a1.q10
    Instance: q10
    Module  : sbox
    Hier(inst): $root.aes_main.r8.a1.q10
    Hier(mod) : $root.aes_main.round.subbytes.sbox
    Hash(mod) : 2229eaa75d62a828621941b80395a07c

Visiting: $root.aes_main.r8.a1.q11
    Instance: q11
    Module  : sbox
    Hier(inst): $root.aes_main.r8.a1.q11
    Hier(mod) : $root.aes_main.round.subbytes.sbox
    Hash(mod) : 2229eaa75d62a828621941b80395a07c

Visiting: $root.aes_main.r8.a1.q12
    Instance: q12
    Module  : sbox
    Hier(inst): $root.aes_main.r8.a1.q12
    Hier(mod) : $root.aes_main.round.subbytes.sbox
    Hash(mod) : 2229eaa75d62a828621941b80395a07c

Visiting: $root.aes_main.r8.a1.q13
    Instance: q13
    Module  : sbox
    Hier(inst): $root.aes_main.r8.a1.q13
    Hier(mod) : $root.aes_main.round.subbytes.sbox
    Hash(mod) : 2229eaa75d62a828621941b80395a07c

Visiting: $root.aes_main.r8.a1.q14
    Instance: q14
    Module  : sbox
    Hier(inst): $root.aes_main.r8.a1.q14
    Hier(mod) : $root.aes_main.round.subbytes.sbox
    Hash(mod) : 2229eaa75d62a828621941b80395a07c

Visiting: $root.aes_main.r8.a1.q15
    Instance: q15
    Module  : sbox
    Hier(inst): $root.aes_main.r8.a1.q15
    Hier(mod) : $root.aes_main.round.subbytes.sbox
    Hash(mod) : 2229eaa75d62a828621941b80395a07c

Visiting: $root.aes_main.r8.a2
    Instance: a2
    Module  : shiftrows
    Hier(inst): $root.aes_main.r8.a2
    Hier(mod) : $root.aes_main.round.shiftrows
    Hash(mod) : 116f88f0b772c079b099f43882b5b112

Visiting: $root.aes_main.r8.m0
    Instance: m0
    Module  : mixcolumn
    Hier(inst): $root.aes_main.r8.m0
    Hier(mod) : $root.aes_main.round.mixcolumn
    Hash(mod) : 3cb5506f3dfc9a2e59a35462e5dc642f

Visiting: $root.aes_main.r9
    Instance: r9
    Module  : lastround
    Hier(inst): $root.aes_main.r9
    Hier(mod) : $root.aes_main.lastround
    Hash(mod) : 35789e6286d00c7c12ff8facb3878780

Visiting: $root.aes_main.r9.a1
    Instance: a1
    Module  : subbytes
    Hier(inst): $root.aes_main.r9.a1
    Hier(mod) : $root.aes_main.lastround.subbytes
    Hash(mod) : 4932c382978c8f794a19fb82b638a9d7

Visiting: $root.aes_main.r9.a1.q0
    Instance: q0
    Module  : sbox
    Hier(inst): $root.aes_main.r9.a1.q0
    Hier(mod) : $root.aes_main.lastround.subbytes.sbox
    Hash(mod) : 105e3a45ee0b55b66a43379b629d75c9

Visiting: $root.aes_main.r9.a1.q1
    Instance: q1
    Module  : sbox
    Hier(inst): $root.aes_main.r9.a1.q1
    Hier(mod) : $root.aes_main.lastround.subbytes.sbox
    Hash(mod) : 105e3a45ee0b55b66a43379b629d75c9

Visiting: $root.aes_main.r9.a1.q2
    Instance: q2
    Module  : sbox
    Hier(inst): $root.aes_main.r9.a1.q2
    Hier(mod) : $root.aes_main.lastround.subbytes.sbox
    Hash(mod) : 105e3a45ee0b55b66a43379b629d75c9

Visiting: $root.aes_main.r9.a1.q3
    Instance: q3
    Module  : sbox
    Hier(inst): $root.aes_main.r9.a1.q3
    Hier(mod) : $root.aes_main.lastround.subbytes.sbox
    Hash(mod) : 105e3a45ee0b55b66a43379b629d75c9

Visiting: $root.aes_main.r9.a1.q4
    Instance: q4
    Module  : sbox
    Hier(inst): $root.aes_main.r9.a1.q4
    Hier(mod) : $root.aes_main.lastround.subbytes.sbox
    Hash(mod) : 105e3a45ee0b55b66a43379b629d75c9

Visiting: $root.aes_main.r9.a1.q5
    Instance: q5
    Module  : sbox
    Hier(inst): $root.aes_main.r9.a1.q5
    Hier(mod) : $root.aes_main.lastround.subbytes.sbox
    Hash(mod) : 105e3a45ee0b55b66a43379b629d75c9

Visiting: $root.aes_main.r9.a1.q6
    Instance: q6
    Module  : sbox
    Hier(inst): $root.aes_main.r9.a1.q6
    Hier(mod) : $root.aes_main.lastround.subbytes.sbox
    Hash(mod) : 105e3a45ee0b55b66a43379b629d75c9

Visiting: $root.aes_main.r9.a1.q7
    Instance: q7
    Module  : sbox
    Hier(inst): $root.aes_main.r9.a1.q7
    Hier(mod) : $root.aes_main.lastround.subbytes.sbox
    Hash(mod) : 105e3a45ee0b55b66a43379b629d75c9

Visiting: $root.aes_main.r9.a1.q8
    Instance: q8
    Module  : sbox
    Hier(inst): $root.aes_main.r9.a1.q8
    Hier(mod) : $root.aes_main.lastround.subbytes.sbox
    Hash(mod) : 105e3a45ee0b55b66a43379b629d75c9

Visiting: $root.aes_main.r9.a1.q9
    Instance: q9
    Module  : sbox
    Hier(inst): $root.aes_main.r9.a1.q9
    Hier(mod) : $root.aes_main.lastround.subbytes.sbox
    Hash(mod) : 105e3a45ee0b55b66a43379b629d75c9

Visiting: $root.aes_main.r9.a1.q10
    Instance: q10
    Module  : sbox
    Hier(inst): $root.aes_main.r9.a1.q10
    Hier(mod) : $root.aes_main.lastround.subbytes.sbox
    Hash(mod) : 105e3a45ee0b55b66a43379b629d75c9

Visiting: $root.aes_main.r9.a1.q11
    Instance: q11
    Module  : sbox
    Hier(inst): $root.aes_main.r9.a1.q11
    Hier(mod) : $root.aes_main.lastround.subbytes.sbox
    Hash(mod) : 105e3a45ee0b55b66a43379b629d75c9

Visiting: $root.aes_main.r9.a1.q12
    Instance: q12
    Module  : sbox
    Hier(inst): $root.aes_main.r9.a1.q12
    Hier(mod) : $root.aes_main.lastround.subbytes.sbox
    Hash(mod) : 105e3a45ee0b55b66a43379b629d75c9

Visiting: $root.aes_main.r9.a1.q13
    Instance: q13
    Module  : sbox
    Hier(inst): $root.aes_main.r9.a1.q13
    Hier(mod) : $root.aes_main.lastround.subbytes.sbox
    Hash(mod) : 105e3a45ee0b55b66a43379b629d75c9

Visiting: $root.aes_main.r9.a1.q14
    Instance: q14
    Module  : sbox
    Hier(inst): $root.aes_main.r9.a1.q14
    Hier(mod) : $root.aes_main.lastround.subbytes.sbox
    Hash(mod) : 105e3a45ee0b55b66a43379b629d75c9

Visiting: $root.aes_main.r9.a1.q15
    Instance: q15
    Module  : sbox
    Hier(inst): $root.aes_main.r9.a1.q15
    Hier(mod) : $root.aes_main.lastround.subbytes.sbox
    Hash(mod) : 105e3a45ee0b55b66a43379b629d75c9

Visiting: $root.aes_main.r9.a2
    Instance: a2
    Module  : shiftrows
    Hier(inst): $root.aes_main.r9.a2
    Hier(mod) : $root.aes_main.lastround.shiftrows
    Hash(mod) : faaa155f35da2dfe906e0fbf9c261f33

Duplicate hash(es) found at level 1:
  Hash: 805eb8978a0e0dc42d171666231604e3 (Max weight sum: 162)
    Module: round, Instance: r0, Hier: $root.aes_main.r0, Weight: 18
    Module: round, Instance: r1, Hier: $root.aes_main.r1, Weight: 18
    Module: round, Instance: r2, Hier: $root.aes_main.r2, Weight: 18
    Module: round, Instance: r3, Hier: $root.aes_main.r3, Weight: 18
    Module: round, Instance: r4, Hier: $root.aes_main.r4, Weight: 18
    Module: round, Instance: r5, Hier: $root.aes_main.r5, Weight: 18
    Module: round, Instance: r6, Hier: $root.aes_main.r6, Weight: 18
    Module: round, Instance: r7, Hier: $root.aes_main.r7, Weight: 18
    Module: round, Instance: r8, Hier: $root.aes_main.r8, Weight: 18
Marked module 'round' as hierBlock(true).
Printing the instance to module map
Instance: r8, Module: round
Instance: r7, Module: round
Instance: r6, Module: round
Instance: r5, Module: round
Instance: r3, Module: round
Instance: r2, Module: round
Instance: m0, Module: mixcolumn
Instance: a2, Module: shiftrows
Instance: r1, Module: round
Instance: q15, Module: sbox
Instance: u23, Module: sbox
Instance: u21, Module: sbox
Instance: u17, Module: sbox
Instance: u16, Module: sbox
Instance: u15, Module: sbox
Instance: u31, Module: sbox
Instance: u12, Module: sbox
Instance: u6, Module: sbox
Instance: u20, Module: sbox
Instance: u24, Module: sbox
Instance: u19, Module: sbox
Instance: u14, Module: sbox
Instance: aes_main, Module: aes_main
Instance: u4, Module: sbox
Instance: u18, Module: sbox
Instance: u2, Module: sbox
Instance: u13, Module: sbox
Instance: u5, Module: sbox
Instance: u32, Module: sbox
Instance: u26, Module: sbox
Instance: r9, Module: lastround
Instance: u3, Module: sbox
Instance: u9, Module: sbox
Instance: u34, Module: sbox
Instance: q6, Module: sbox
Instance: q13, Module: sbox
Instance: u30, Module: sbox
Instance: u7, Module: sbox
Instance: u22, Module: sbox
Instance: q14, Module: sbox
Instance: u0, Module: sbox
Instance: r4, Module: round
Instance: u8, Module: sbox
Instance: u25, Module: sbox
Instance: q11, Module: sbox
Instance: u1, Module: sbox
Instance: u10, Module: sbox
Instance: u27, Module: sbox
Instance: u28, Module: sbox
Instance: u29, Module: sbox
Instance: u35, Module: sbox
Instance: u36, Module: sbox
Instance: u37, Module: sbox
Instance: u11, Module: sbox
Instance: q5, Module: sbox
Instance: u38, Module: sbox
Instance: u39, Module: sbox
Instance: r0, Module: round
Instance: q12, Module: sbox
Instance: u33, Module: sbox
Instance: a1, Module: subbytes
Instance: q0, Module: sbox
Instance: q1, Module: sbox
Instance: q2, Module: sbox
Instance: q3, Module: sbox
Instance: a0, Module: aes_key_expand_128
Instance: q4, Module: sbox
Instance: q7, Module: sbox
Instance: q8, Module: sbox
Instance: q9, Module: sbox
Instance: q10, Module: sbox
- V e r i l a t i o n   R e p o r t: Verilator 5.036 2025-04-27 rev UNKNOWN.REV (mod)
- Verilator: Built from 0.188 MB sources in 9 modules, into 1.813 MB in 12 C++ files needing 0.002 MB
- Verilator: Walltime 0.602 s (elab=0.006, cvt=0.574, bld=0.000); cpu 0.602 s on 1 threads; alloced 129.461 MB
