This file contains any messages produced by compilers while
running configure, to aid debugging if configure makes a mistake.

It was created by Verilator configure 5.036 2025-04-27, which was
generated by GNU Autoconf 2.72.  Invocation command line was

  $ ./configure --prefix=/usr/local

## --------- ##
## Platform. ##
## --------- ##

hostname = kislay
uname -m = x86_64
uname -r = 6.14.0-23-generic
uname -s = Linux
uname -v = #23-Ubuntu SMP PREEMPT_DYNAMIC Fri Jun 13 23:02:20 UTC 2025

/usr/bin/uname -p = x86_64
/bin/uname -X     = unknown

/bin/arch              = x86_64
/usr/bin/arch -k       = unknown
/usr/convex/getsysinfo = unknown
/usr/bin/hostinfo      = unknown
/bin/machine           = unknown
/usr/bin/oslevel       = unknown
/bin/universe          = unknown

PATH: /usr/local/mpich-4.1.2/bin/
PATH: /home/kislay/.local/bin/
PATH: /usr/local/sbin/
PATH: /usr/local/bin/
PATH: /usr/sbin/
PATH: /usr/bin/
PATH: /sbin/
PATH: /bin/
PATH: /usr/games/
PATH: /usr/local/games/
PATH: /snap/bin/
PATH: /snap/bin/


## ----------- ##
## Core tests. ##
## ----------- ##

configure:2685: looking for aux files: install-sh
configure:2698:  trying ./
configure:2709:   ./install-sh found
configure:2846: result: configuring for Verilator 5.036 2025-04-27
configure:2884: checking whether to perform partial static linking of Verilator binary
configure:2899: result: yes
configure:2903: checking whether to use tcmalloc
configure:2918: result: check
configure:2922: checking whether to build for coverage collection
configure:2937: result: no
configure:2941: checking whether to use hardcoded paths
configure:2957: result: yes
configure:2961: checking whether to show and stop on compilation warnings
configure:2981: result: no
configure:2985: checking whether to run long tests
configure:3005: result: no
configure:3010: checking for z3
configure:3046: result: no
configure:3053: checking for cvc5
configure:3089: result: no
configure:3096: checking for cvc4
configure:3132: result: no
configure:3139: checking for SMT solver
configure:3160: result: no
configure:3166: result: compiler CXX inbound is set to... 
configure:3239: checking for gcc
configure:3260: found /usr/bin/gcc
configure:3272: result: gcc
configure:3631: checking for C compiler version
configure:3640: gcc --version >&5
gcc (Ubuntu 14.2.0-19ubuntu2) 14.2.0
Copyright (C) 2024 Free Software Foundation, Inc.
This is free software; see the source for copying conditions.  There is NO
warranty; not even for MERCHANTABILITY or FITNESS FOR A PARTICULAR PURPOSE.

configure:3651: $? = 0
configure:3640: gcc -v >&5
Using built-in specs.
COLLECT_GCC=gcc
COLLECT_LTO_WRAPPER=/usr/libexec/gcc/x86_64-linux-gnu/14/lto-wrapper
OFFLOAD_TARGET_NAMES=nvptx-none:amdgcn-amdhsa
OFFLOAD_TARGET_DEFAULT=1
Target: x86_64-linux-gnu
Configured with: ../src/configure -v --with-pkgversion='Ubuntu 14.2.0-19ubuntu2' --with-bugurl=file:///usr/share/doc/gcc-14/README.Bugs --enable-languages=c,ada,c++,go,d,fortran,objc,obj-c++,m2,rust --prefix=/usr --with-gcc-major-version-only --program-suffix=-14 --program-prefix=x86_64-linux-gnu- --enable-shared --enable-linker-build-id --libexecdir=/usr/libexec --without-included-gettext --enable-threads=posix --libdir=/usr/lib --enable-nls --enable-bootstrap --enable-clocale=gnu --enable-libstdcxx-debug --enable-libstdcxx-time=yes --with-default-libstdcxx-abi=new --enable-libstdcxx-backtrace --enable-gnu-unique-object --disable-vtable-verify --enable-plugin --enable-default-pie --with-system-zlib --enable-libphobos-checking=release --with-target-system-zlib=auto --enable-objc-gc=auto --enable-multiarch --disable-werror --enable-cet --with-arch-32=i686 --with-abi=m64 --with-multilib-list=m32,m64,mx32 --enable-multilib --with-tune=generic --enable-offload-targets=nvptx-none=/build/gcc-14-C86vgL/gcc-14-14.2.0/debian/tmp-nvptx/usr,amdgcn-amdhsa=/build/gcc-14-C86vgL/gcc-14-14.2.0/debian/tmp-gcn/usr --enable-offload-defaulted --without-cuda-driver --enable-checking=release --build=x86_64-linux-gnu --host=x86_64-linux-gnu --target=x86_64-linux-gnu --with-build-config=bootstrap-lto-lean --enable-link-serialization=2
Thread model: posix
Supported LTO compression algorithms: zlib zstd
gcc version 14.2.0 (Ubuntu 14.2.0-19ubuntu2) 
... rest of stderr output deleted ...
configure:3651: $? = 0
configure:3640: gcc -V >&5
gcc: error: unrecognized command-line option '-V'
gcc: fatal error: no input files
compilation terminated.
configure:3651: $? = 1
configure:3640: gcc -qversion >&5
gcc: error: unrecognized command-line option '-qversion'; did you mean '--version'?
gcc: fatal error: no input files
compilation terminated.
configure:3651: $? = 1
configure:3640: gcc -version >&5
gcc: error: unrecognized command-line option '-version'
gcc: fatal error: no input files
compilation terminated.
configure:3651: $? = 1
configure:3671: checking whether the C compiler works
configure:3693: gcc       conftest.c -lsodium >&5
configure:3697: $? = 0
configure:3748: result: yes
configure:3752: checking for C compiler default output file name
configure:3754: result: a.out
configure:3760: checking for suffix of executables
configure:3767: gcc -o conftest       conftest.c -lsodium >&5
configure:3771: $? = 0
configure:3795: result: 
configure:3819: checking whether we are cross compiling
configure:3827: gcc -o conftest       conftest.c -lsodium >&5
configure:3831: $? = 0
configure:3838: ./conftest
configure:3842: $? = 0
configure:3857: result: no
configure:3863: checking for suffix of object files
configure:3886: gcc -c     conftest.c >&5
configure:3890: $? = 0
configure:3914: result: o
configure:3918: checking whether the compiler supports GNU C
configure:3938: gcc -c     conftest.c >&5
configure:3938: $? = 0
configure:3950: result: yes
configure:3961: checking whether gcc accepts -g
configure:3982: gcc -c -g   conftest.c >&5
configure:3982: $? = 0
configure:4029: result: yes
configure:4049: checking for gcc option to enable C11 features
configure:4064: gcc  -c     conftest.c >&5
configure:4064: $? = 0
configure:4083: result: none needed
configure:4271: checking for g++
configure:4292: found /usr/bin/g++
configure:4304: result: g++
configure:4331: checking for C++ compiler version
configure:4340: g++ --version >&5
g++ (Ubuntu 14.2.0-19ubuntu2) 14.2.0
Copyright (C) 2024 Free Software Foundation, Inc.
This is free software; see the source for copying conditions.  There is NO
warranty; not even for MERCHANTABILITY or FITNESS FOR A PARTICULAR PURPOSE.

configure:4351: $? = 0
configure:4340: g++ -v >&5
Using built-in specs.
COLLECT_GCC=g++
COLLECT_LTO_WRAPPER=/usr/libexec/gcc/x86_64-linux-gnu/14/lto-wrapper
OFFLOAD_TARGET_NAMES=nvptx-none:amdgcn-amdhsa
OFFLOAD_TARGET_DEFAULT=1
Target: x86_64-linux-gnu
Configured with: ../src/configure -v --with-pkgversion='Ubuntu 14.2.0-19ubuntu2' --with-bugurl=file:///usr/share/doc/gcc-14/README.Bugs --enable-languages=c,ada,c++,go,d,fortran,objc,obj-c++,m2,rust --prefix=/usr --with-gcc-major-version-only --program-suffix=-14 --program-prefix=x86_64-linux-gnu- --enable-shared --enable-linker-build-id --libexecdir=/usr/libexec --without-included-gettext --enable-threads=posix --libdir=/usr/lib --enable-nls --enable-bootstrap --enable-clocale=gnu --enable-libstdcxx-debug --enable-libstdcxx-time=yes --with-default-libstdcxx-abi=new --enable-libstdcxx-backtrace --enable-gnu-unique-object --disable-vtable-verify --enable-plugin --enable-default-pie --with-system-zlib --enable-libphobos-checking=release --with-target-system-zlib=auto --enable-objc-gc=auto --enable-multiarch --disable-werror --enable-cet --with-arch-32=i686 --with-abi=m64 --with-multilib-list=m32,m64,mx32 --enable-multilib --with-tune=generic --enable-offload-targets=nvptx-none=/build/gcc-14-C86vgL/gcc-14-14.2.0/debian/tmp-nvptx/usr,amdgcn-amdhsa=/build/gcc-14-C86vgL/gcc-14-14.2.0/debian/tmp-gcn/usr --enable-offload-defaulted --without-cuda-driver --enable-checking=release --build=x86_64-linux-gnu --host=x86_64-linux-gnu --target=x86_64-linux-gnu --with-build-config=bootstrap-lto-lean --enable-link-serialization=2
Thread model: posix
Supported LTO compression algorithms: zlib zstd
gcc version 14.2.0 (Ubuntu 14.2.0-19ubuntu2) 
... rest of stderr output deleted ...
configure:4351: $? = 0
configure:4340: g++ -V >&5
g++: error: unrecognized command-line option '-V'
g++: fatal error: no input files
compilation terminated.
configure:4351: $? = 1
configure:4340: g++ -qversion >&5
g++: error: unrecognized command-line option '-qversion'; did you mean '--version'?
g++: fatal error: no input files
compilation terminated.
configure:4351: $? = 1
configure:4355: checking whether the compiler supports GNU C++
configure:4375: g++ -c     conftest.cpp >&5
configure:4375: $? = 0
configure:4387: result: yes
configure:4398: checking whether g++ accepts -g
configure:4419: g++ -c -g   conftest.cpp >&5
configure:4419: $? = 0
configure:4466: result: yes
configure:4486: checking for g++ option to enable C++11 features
configure:4501: g++  -c     conftest.cpp >&5
conftest.cpp: In function 'int main(int, char**)':
conftest.cpp:177:25: warning: empty parentheses were disambiguated as a function declaration [-Wvexing-parse]
  177 |   cxx11test::delegate d2();
      |                         ^~
conftest.cpp:177:25: note: remove parentheses to default-initialize a variable
  177 |   cxx11test::delegate d2();
      |                         ^~
      |                         --
conftest.cpp:177:25: note: or replace parentheses with braces to value-initialize a variable
configure:4501: $? = 0
configure:4520: result: none needed
configure:4605: checking for a BSD-compatible install
configure:4679: result: /usr/bin/install -c
configure:4698: result: compiler g++ --version = g++ (Ubuntu 14.2.0-19ubuntu2) 14.2.0
configure:4702: checking that C++ compiler can compile simple program
configure:4714: g++ -o conftest       conftest.cpp -lsodium >&5
configure:4714: $? = 0
configure:4714: ./conftest
configure:4714: $? = 0
configure:4716: result: yes
configure:4731: checking for ar
configure:4752: found /usr/bin/ar
configure:4764: result: ar
configure:4778: checking for perl
configure:4799: found /usr/bin/perl
configure:4811: result: perl
configure:4825: checking for python3
configure:4846: found /usr/bin/python3
configure:4858: result: python3
configure:4870: result: python3 --version = Python 3.13.3
configure:4875: checking for flex
configure:4896: found /usr/bin/flex
configure:4908: result: flex
configure:4920: result: flex --version = flex 2.6.4
configure:4925: checking for bison
configure:4946: found /usr/bin/bison
configure:4958: result: bison
configure:4970: result: bison --version = bison (GNU Bison) 3.8.2
configure:4975: checking for ccache
configure:4996: found /usr/bin/ccache
configure:5008: result: ccache
configure:5018: result: objcache is ccache --version = ccache version 4.10.2
configure:5029: checking for stdio.h
configure:5029: g++ -c     conftest.cpp >&5
configure:5029: $? = 0
configure:5029: result: yes
configure:5029: checking for stdlib.h
configure:5029: g++ -c     conftest.cpp >&5
configure:5029: $? = 0
configure:5029: result: yes
configure:5029: checking for string.h
configure:5029: g++ -c     conftest.cpp >&5
configure:5029: $? = 0
configure:5029: result: yes
configure:5029: checking for inttypes.h
configure:5029: g++ -c     conftest.cpp >&5
configure:5029: $? = 0
configure:5029: result: yes
configure:5029: checking for stdint.h
configure:5029: g++ -c     conftest.cpp >&5
configure:5029: $? = 0
configure:5029: result: yes
configure:5029: checking for strings.h
configure:5029: g++ -c     conftest.cpp >&5
configure:5029: $? = 0
configure:5029: result: yes
configure:5029: checking for sys/stat.h
configure:5029: g++ -c     conftest.cpp >&5
configure:5029: $? = 0
configure:5029: result: yes
configure:5029: checking for sys/types.h
configure:5029: g++ -c     conftest.cpp >&5
configure:5029: $? = 0
configure:5029: result: yes
configure:5029: checking for unistd.h
configure:5029: g++ -c     conftest.cpp >&5
configure:5029: $? = 0
configure:5029: result: yes
configure:5054: checking for size_t
configure:5054: g++ -c     conftest.cpp >&5
configure:5054: $? = 0
configure:5054: g++ -c     conftest.cpp >&5
conftest.cpp: In function 'int main()':
conftest.cpp:52:20: error: expected primary-expression before ')' token
   52 | if (sizeof ((size_t)))
      |                    ^
configure:5054: $? = 1
configure: failed program was:
| /* confdefs.h */
| #define PACKAGE_NAME "Verilator"
| #define PACKAGE_TARNAME "verilator"
| #define PACKAGE_VERSION "5.036 2025-04-27"
| #define PACKAGE_STRING "Verilator 5.036 2025-04-27"
| #define PACKAGE_BUGREPORT "https://verilator.org"
| #define PACKAGE_URL "https://verilator.org"
| #define PACKAGE_VERSION_NUMBER_STRING "5.036"
| #define PACKAGE_VERSION_STRING_CHAR static const char* const PACKAGE_STRING_UNUSED = "Verilator 5.036 2025-04-27";
| #define HAVE_STDIO_H 1
| #define HAVE_STDLIB_H 1
| #define HAVE_STRING_H 1
| #define HAVE_INTTYPES_H 1
| #define HAVE_STDINT_H 1
| #define HAVE_STRINGS_H 1
| #define HAVE_SYS_STAT_H 1
| #define HAVE_SYS_TYPES_H 1
| #define HAVE_UNISTD_H 1
| #define STDC_HEADERS 1
| /* end confdefs.h.  */
| #include <stddef.h>
| #ifdef HAVE_STDIO_H
| # include <stdio.h>
| #endif
| #ifdef HAVE_STDLIB_H
| # include <stdlib.h>
| #endif
| #ifdef HAVE_STRING_H
| # include <string.h>
| #endif
| #ifdef HAVE_INTTYPES_H
| # include <inttypes.h>
| #endif
| #ifdef HAVE_STDINT_H
| # include <stdint.h>
| #endif
| #ifdef HAVE_STRINGS_H
| # include <strings.h>
| #endif
| #ifdef HAVE_SYS_TYPES_H
| # include <sys/types.h>
| #endif
| #ifdef HAVE_SYS_STAT_H
| # include <sys/stat.h>
| #endif
| #ifdef HAVE_UNISTD_H
| # include <unistd.h>
| #endif
| int
| main (void)
| {
| if (sizeof ((size_t)))
| 	    return 0;
|   ;
|   return 0;
| }
configure:5054: result: yes
configure:5065: checking for size_t
configure:5065: result: yes
configure:5078: checking for inline
configure:5095: g++ -c     conftest.cpp >&5
configure:5095: $? = 0
configure:5105: result: inline
configure:5135: g++ -o conftest       conftest.cpp -lsodium >&5
configure:5135: $? = 0
configure:5509: checking whether g++ accepts -pg
configure:5522: g++ -o conftest   -pg -Werror     conftest.cpp -lsodium >&5
configure:5522: $? = 0
configure:5551: g++ -c   -pg -Werror   conftest.cpp >&5
conftest.cpp:21:1: error: 'an_error' does not name a type
   21 | an_error "intentional-error-for-test.h"
      | ^~~~~~~~
configure:5551: $? = 1
configure: failed program was:
| /* confdefs.h */
| #define PACKAGE_NAME "Verilator"
| #define PACKAGE_TARNAME "verilator"
| #define PACKAGE_VERSION "5.036 2025-04-27"
| #define PACKAGE_STRING "Verilator 5.036 2025-04-27"
| #define PACKAGE_BUGREPORT "https://verilator.org"
| #define PACKAGE_URL "https://verilator.org"
| #define PACKAGE_VERSION_NUMBER_STRING "5.036"
| #define PACKAGE_VERSION_STRING_CHAR static const char* const PACKAGE_STRING_UNUSED = "Verilator 5.036 2025-04-27";
| #define HAVE_STDIO_H 1
| #define HAVE_STDLIB_H 1
| #define HAVE_STRING_H 1
| #define HAVE_INTTYPES_H 1
| #define HAVE_STDINT_H 1
| #define HAVE_STRINGS_H 1
| #define HAVE_SYS_STAT_H 1
| #define HAVE_SYS_TYPES_H 1
| #define HAVE_UNISTD_H 1
| #define STDC_HEADERS 1
| /* end confdefs.h.  */
| an_error "intentional-error-for-test.h"
| 
| int
| main (void)
| {
| 
|   ;
|   return 0;
| }
configure:5564: result: yes
configure:5600: checking whether g++ accepts -std=gnu++17
configure:5613: g++ -o conftest   -std=gnu++17 -Werror     conftest.cpp -lsodium >&5
configure:5613: $? = 0
configure:5642: g++ -c   -std=gnu++17 -Werror   conftest.cpp >&5
conftest.cpp:21:1: error: 'an_error' does not name a type
   21 | an_error "intentional-error-for-test.h"
      | ^~~~~~~~
configure:5642: $? = 1
configure: failed program was:
| /* confdefs.h */
| #define PACKAGE_NAME "Verilator"
| #define PACKAGE_TARNAME "verilator"
| #define PACKAGE_VERSION "5.036 2025-04-27"
| #define PACKAGE_STRING "Verilator 5.036 2025-04-27"
| #define PACKAGE_BUGREPORT "https://verilator.org"
| #define PACKAGE_URL "https://verilator.org"
| #define PACKAGE_VERSION_NUMBER_STRING "5.036"
| #define PACKAGE_VERSION_STRING_CHAR static const char* const PACKAGE_STRING_UNUSED = "Verilator 5.036 2025-04-27";
| #define HAVE_STDIO_H 1
| #define HAVE_STDLIB_H 1
| #define HAVE_STRING_H 1
| #define HAVE_INTTYPES_H 1
| #define HAVE_STDINT_H 1
| #define HAVE_STRINGS_H 1
| #define HAVE_SYS_STAT_H 1
| #define HAVE_SYS_TYPES_H 1
| #define HAVE_UNISTD_H 1
| #define STDC_HEADERS 1
| /* end confdefs.h.  */
| an_error "intentional-error-for-test.h"
| 
| int
| main (void)
| {
| 
|   ;
|   return 0;
| }
configure:5655: result: yes
configure:5931: checking whether g++ accepts -Wextra
configure:5944: g++ -o conftest   -Wextra -Werror     conftest.cpp -lsodium >&5
configure:5944: $? = 0
configure:5973: g++ -c   -Wextra -Werror   conftest.cpp >&5
conftest.cpp:21:1: error: 'an_error' does not name a type
   21 | an_error "intentional-error-for-test.h"
      | ^~~~~~~~
configure:5973: $? = 1
configure: failed program was:
| /* confdefs.h */
| #define PACKAGE_NAME "Verilator"
| #define PACKAGE_TARNAME "verilator"
| #define PACKAGE_VERSION "5.036 2025-04-27"
| #define PACKAGE_STRING "Verilator 5.036 2025-04-27"
| #define PACKAGE_BUGREPORT "https://verilator.org"
| #define PACKAGE_URL "https://verilator.org"
| #define PACKAGE_VERSION_NUMBER_STRING "5.036"
| #define PACKAGE_VERSION_STRING_CHAR static const char* const PACKAGE_STRING_UNUSED = "Verilator 5.036 2025-04-27";
| #define HAVE_STDIO_H 1
| #define HAVE_STDLIB_H 1
| #define HAVE_STRING_H 1
| #define HAVE_INTTYPES_H 1
| #define HAVE_STDINT_H 1
| #define HAVE_STRINGS_H 1
| #define HAVE_SYS_STAT_H 1
| #define HAVE_SYS_TYPES_H 1
| #define HAVE_UNISTD_H 1
| #define STDC_HEADERS 1
| /* end confdefs.h.  */
| an_error "intentional-error-for-test.h"
| 
| int
| main (void)
| {
| 
|   ;
|   return 0;
| }
configure:5986: result: yes
configure:6011: checking whether g++ accepts -Wfloat-conversion
configure:6024: g++ -o conftest   -Wfloat-conversion -Werror     conftest.cpp -lsodium >&5
configure:6024: $? = 0
configure:6053: g++ -c   -Wfloat-conversion -Werror   conftest.cpp >&5
conftest.cpp:21:1: error: 'an_error' does not name a type
   21 | an_error "intentional-error-for-test.h"
      | ^~~~~~~~
configure:6053: $? = 1
configure: failed program was:
| /* confdefs.h */
| #define PACKAGE_NAME "Verilator"
| #define PACKAGE_TARNAME "verilator"
| #define PACKAGE_VERSION "5.036 2025-04-27"
| #define PACKAGE_STRING "Verilator 5.036 2025-04-27"
| #define PACKAGE_BUGREPORT "https://verilator.org"
| #define PACKAGE_URL "https://verilator.org"
| #define PACKAGE_VERSION_NUMBER_STRING "5.036"
| #define PACKAGE_VERSION_STRING_CHAR static const char* const PACKAGE_STRING_UNUSED = "Verilator 5.036 2025-04-27";
| #define HAVE_STDIO_H 1
| #define HAVE_STDLIB_H 1
| #define HAVE_STRING_H 1
| #define HAVE_INTTYPES_H 1
| #define HAVE_STDINT_H 1
| #define HAVE_STRINGS_H 1
| #define HAVE_SYS_STAT_H 1
| #define HAVE_SYS_TYPES_H 1
| #define HAVE_UNISTD_H 1
| #define STDC_HEADERS 1
| /* end confdefs.h.  */
| an_error "intentional-error-for-test.h"
| 
| int
| main (void)
| {
| 
|   ;
|   return 0;
| }
configure:6066: result: yes
configure:6091: checking whether g++ accepts -Wlogical-op
configure:6104: g++ -o conftest   -Wlogical-op -Werror     conftest.cpp -lsodium >&5
configure:6104: $? = 0
configure:6133: g++ -c   -Wlogical-op -Werror   conftest.cpp >&5
conftest.cpp:21:1: error: 'an_error' does not name a type
   21 | an_error "intentional-error-for-test.h"
      | ^~~~~~~~
configure:6133: $? = 1
configure: failed program was:
| /* confdefs.h */
| #define PACKAGE_NAME "Verilator"
| #define PACKAGE_TARNAME "verilator"
| #define PACKAGE_VERSION "5.036 2025-04-27"
| #define PACKAGE_STRING "Verilator 5.036 2025-04-27"
| #define PACKAGE_BUGREPORT "https://verilator.org"
| #define PACKAGE_URL "https://verilator.org"
| #define PACKAGE_VERSION_NUMBER_STRING "5.036"
| #define PACKAGE_VERSION_STRING_CHAR static const char* const PACKAGE_STRING_UNUSED = "Verilator 5.036 2025-04-27";
| #define HAVE_STDIO_H 1
| #define HAVE_STDLIB_H 1
| #define HAVE_STRING_H 1
| #define HAVE_INTTYPES_H 1
| #define HAVE_STDINT_H 1
| #define HAVE_STRINGS_H 1
| #define HAVE_SYS_STAT_H 1
| #define HAVE_SYS_TYPES_H 1
| #define HAVE_UNISTD_H 1
| #define STDC_HEADERS 1
| /* end confdefs.h.  */
| an_error "intentional-error-for-test.h"
| 
| int
| main (void)
| {
| 
|   ;
|   return 0;
| }
configure:6146: result: yes
configure:6171: checking whether g++ accepts -Wthread-safety
configure:6184: g++ -o conftest   -Wthread-safety -Werror     conftest.cpp -lsodium >&5
g++: error: unrecognized command-line option '-Wthread-safety'
configure:6184: $? = 1
configure: failed program was:
| /* confdefs.h */
| #define PACKAGE_NAME "Verilator"
| #define PACKAGE_TARNAME "verilator"
| #define PACKAGE_VERSION "5.036 2025-04-27"
| #define PACKAGE_STRING "Verilator 5.036 2025-04-27"
| #define PACKAGE_BUGREPORT "https://verilator.org"
| #define PACKAGE_URL "https://verilator.org"
| #define PACKAGE_VERSION_NUMBER_STRING "5.036"
| #define PACKAGE_VERSION_STRING_CHAR static const char* const PACKAGE_STRING_UNUSED = "Verilator 5.036 2025-04-27";
| #define HAVE_STDIO_H 1
| #define HAVE_STDLIB_H 1
| #define HAVE_STRING_H 1
| #define HAVE_INTTYPES_H 1
| #define HAVE_STDINT_H 1
| #define HAVE_STRINGS_H 1
| #define HAVE_SYS_STAT_H 1
| #define HAVE_SYS_TYPES_H 1
| #define HAVE_UNISTD_H 1
| #define STDC_HEADERS 1
| /* end confdefs.h.  */
| #include <new>
| int
| main (void)
| {
| int* a=new int; delete a;
|   ;
|   return 0;
| }
configure:6213: g++ -c   -Wthread-safety -Werror   conftest.cpp >&5
g++: error: unrecognized command-line option '-Wthread-safety'
configure:6213: $? = 1
configure: failed program was:
| /* confdefs.h */
| #define PACKAGE_NAME "Verilator"
| #define PACKAGE_TARNAME "verilator"
| #define PACKAGE_VERSION "5.036 2025-04-27"
| #define PACKAGE_STRING "Verilator 5.036 2025-04-27"
| #define PACKAGE_BUGREPORT "https://verilator.org"
| #define PACKAGE_URL "https://verilator.org"
| #define PACKAGE_VERSION_NUMBER_STRING "5.036"
| #define PACKAGE_VERSION_STRING_CHAR static const char* const PACKAGE_STRING_UNUSED = "Verilator 5.036 2025-04-27";
| #define HAVE_STDIO_H 1
| #define HAVE_STDLIB_H 1
| #define HAVE_STRING_H 1
| #define HAVE_INTTYPES_H 1
| #define HAVE_STDINT_H 1
| #define HAVE_STRINGS_H 1
| #define HAVE_SYS_STAT_H 1
| #define HAVE_SYS_TYPES_H 1
| #define HAVE_UNISTD_H 1
| #define STDC_HEADERS 1
| /* end confdefs.h.  */
| an_error "intentional-error-for-test.h"
| 
| int
| main (void)
| {
| 
|   ;
|   return 0;
| }
configure:6226: result: no
configure:6252: checking whether coroutines are supported by g++
configure:6272: g++ -o conftest        conftest.cpp -lsodium >&5
In file included from conftest.cpp:25:
/usr/include/c++/14/coroutine:38:3: error: #error "the <coroutine> header requires -fcoroutines"
   38 | # error "the <coroutine> header requires -fcoroutines"
      |   ^~~~~
conftest.cpp: In function 'int main()':
conftest.cpp:30:6: error: 'coroutine_handle' is not a member of 'std'
   30 | std::coroutine_handle<> h;
      |      ^~~~~~~~~~~~~~~~
conftest.cpp:30:23: error: expected primary-expression before '>' token
   30 | std::coroutine_handle<> h;
      |                       ^
conftest.cpp:30:25: error: 'h' was not declared in this scope
   30 | std::coroutine_handle<> h;
      |                         ^
configure:6272: $? = 1
configure: failed program was:
| /* confdefs.h */
| #define PACKAGE_NAME "Verilator"
| #define PACKAGE_TARNAME "verilator"
| #define PACKAGE_VERSION "5.036 2025-04-27"
| #define PACKAGE_STRING "Verilator 5.036 2025-04-27"
| #define PACKAGE_BUGREPORT "https://verilator.org"
| #define PACKAGE_URL "https://verilator.org"
| #define PACKAGE_VERSION_NUMBER_STRING "5.036"
| #define PACKAGE_VERSION_STRING_CHAR static const char* const PACKAGE_STRING_UNUSED = "Verilator 5.036 2025-04-27";
| #define HAVE_STDIO_H 1
| #define HAVE_STDLIB_H 1
| #define HAVE_STRING_H 1
| #define HAVE_INTTYPES_H 1
| #define HAVE_STDINT_H 1
| #define HAVE_STRINGS_H 1
| #define HAVE_SYS_STAT_H 1
| #define HAVE_SYS_TYPES_H 1
| #define HAVE_UNISTD_H 1
| #define STDC_HEADERS 1
| /* end confdefs.h.  */
| 
|             #if defined(__clang__) && !defined(__cpp_impl_coroutine)
|             #define __cpp_impl_coroutine 1
|             #endif
|             #include <coroutine>
| 
| int
| main (void)
| {
| std::coroutine_handle<> h;
|   ;
|   return 0;
| }
configure:6287: g++ -o conftest        conftest.cpp -lsodium >&5
conftest.cpp:21:10: fatal error: experimental/coroutine: No such file or directory
   21 | #include <experimental/coroutine>
      |          ^~~~~~~~~~~~~~~~~~~~~~~~
compilation terminated.
configure:6287: $? = 1
configure: failed program was:
| /* confdefs.h */
| #define PACKAGE_NAME "Verilator"
| #define PACKAGE_TARNAME "verilator"
| #define PACKAGE_VERSION "5.036 2025-04-27"
| #define PACKAGE_STRING "Verilator 5.036 2025-04-27"
| #define PACKAGE_BUGREPORT "https://verilator.org"
| #define PACKAGE_URL "https://verilator.org"
| #define PACKAGE_VERSION_NUMBER_STRING "5.036"
| #define PACKAGE_VERSION_STRING_CHAR static const char* const PACKAGE_STRING_UNUSED = "Verilator 5.036 2025-04-27";
| #define HAVE_STDIO_H 1
| #define HAVE_STDLIB_H 1
| #define HAVE_STRING_H 1
| #define HAVE_INTTYPES_H 1
| #define HAVE_STDINT_H 1
| #define HAVE_STRINGS_H 1
| #define HAVE_SYS_STAT_H 1
| #define HAVE_SYS_TYPES_H 1
| #define HAVE_UNISTD_H 1
| #define STDC_HEADERS 1
| /* end confdefs.h.  */
| #include <experimental/coroutine>
| int
| main (void)
| {
| std::experimental::coroutine_handle<> h;
|   ;
|   return 0;
| }
configure:6300: result: no
configure:6321: checking whether coroutines are supported by g++ with -fcoroutines-ts
configure:6341: g++ -o conftest   -fcoroutines-ts     conftest.cpp -lsodium >&5
g++: error: unrecognized command-line option '-fcoroutines-ts'; did you mean '-fcoroutines'?
configure:6341: $? = 1
configure: failed program was:
| /* confdefs.h */
| #define PACKAGE_NAME "Verilator"
| #define PACKAGE_TARNAME "verilator"
| #define PACKAGE_VERSION "5.036 2025-04-27"
| #define PACKAGE_STRING "Verilator 5.036 2025-04-27"
| #define PACKAGE_BUGREPORT "https://verilator.org"
| #define PACKAGE_URL "https://verilator.org"
| #define PACKAGE_VERSION_NUMBER_STRING "5.036"
| #define PACKAGE_VERSION_STRING_CHAR static const char* const PACKAGE_STRING_UNUSED = "Verilator 5.036 2025-04-27";
| #define HAVE_STDIO_H 1
| #define HAVE_STDLIB_H 1
| #define HAVE_STRING_H 1
| #define HAVE_INTTYPES_H 1
| #define HAVE_STDINT_H 1
| #define HAVE_STRINGS_H 1
| #define HAVE_SYS_STAT_H 1
| #define HAVE_SYS_TYPES_H 1
| #define HAVE_UNISTD_H 1
| #define STDC_HEADERS 1
| /* end confdefs.h.  */
| 
|             #if defined(__clang__) && !defined(__cpp_impl_coroutine)
|             #define __cpp_impl_coroutine 1
|             #endif
|             #include <coroutine>
| 
| int
| main (void)
| {
| std::coroutine_handle<> h;
|   ;
|   return 0;
| }
configure:6356: g++ -o conftest   -fcoroutines-ts     conftest.cpp -lsodium >&5
g++: error: unrecognized command-line option '-fcoroutines-ts'; did you mean '-fcoroutines'?
configure:6356: $? = 1
configure: failed program was:
| /* confdefs.h */
| #define PACKAGE_NAME "Verilator"
| #define PACKAGE_TARNAME "verilator"
| #define PACKAGE_VERSION "5.036 2025-04-27"
| #define PACKAGE_STRING "Verilator 5.036 2025-04-27"
| #define PACKAGE_BUGREPORT "https://verilator.org"
| #define PACKAGE_URL "https://verilator.org"
| #define PACKAGE_VERSION_NUMBER_STRING "5.036"
| #define PACKAGE_VERSION_STRING_CHAR static const char* const PACKAGE_STRING_UNUSED = "Verilator 5.036 2025-04-27";
| #define HAVE_STDIO_H 1
| #define HAVE_STDLIB_H 1
| #define HAVE_STRING_H 1
| #define HAVE_INTTYPES_H 1
| #define HAVE_STDINT_H 1
| #define HAVE_STRINGS_H 1
| #define HAVE_SYS_STAT_H 1
| #define HAVE_SYS_TYPES_H 1
| #define HAVE_UNISTD_H 1
| #define STDC_HEADERS 1
| /* end confdefs.h.  */
| #include <experimental/coroutine>
| int
| main (void)
| {
| std::experimental::coroutine_handle<> h;
|   ;
|   return 0;
| }
configure:6369: result: no
configure:6390: checking whether coroutines are supported by g++ with -fcoroutines
configure:6410: g++ -o conftest   -fcoroutines     conftest.cpp -lsodium >&5
configure:6410: $? = 0
configure:6438: result: yes
configure:6603: checking whether g++ accepts -Qunused-arguments
configure:6616: g++ -o conftest   -Qunused-arguments -Werror     conftest.cpp -lsodium >&5
g++: error: unrecognized command-line option '-Qunused-arguments'
configure:6616: $? = 1
configure: failed program was:
| /* confdefs.h */
| #define PACKAGE_NAME "Verilator"
| #define PACKAGE_TARNAME "verilator"
| #define PACKAGE_VERSION "5.036 2025-04-27"
| #define PACKAGE_STRING "Verilator 5.036 2025-04-27"
| #define PACKAGE_BUGREPORT "https://verilator.org"
| #define PACKAGE_URL "https://verilator.org"
| #define PACKAGE_VERSION_NUMBER_STRING "5.036"
| #define PACKAGE_VERSION_STRING_CHAR static const char* const PACKAGE_STRING_UNUSED = "Verilator 5.036 2025-04-27";
| #define HAVE_STDIO_H 1
| #define HAVE_STDLIB_H 1
| #define HAVE_STRING_H 1
| #define HAVE_INTTYPES_H 1
| #define HAVE_STDINT_H 1
| #define HAVE_STRINGS_H 1
| #define HAVE_SYS_STAT_H 1
| #define HAVE_SYS_TYPES_H 1
| #define HAVE_UNISTD_H 1
| #define STDC_HEADERS 1
| #define HAVE_COROUTINES 1
| /* end confdefs.h.  */
| #include <new>
| int
| main (void)
| {
| int* a=new int; delete a;
|   ;
|   return 0;
| }
configure:6645: g++ -c   -Qunused-arguments -Werror   conftest.cpp >&5
g++: error: unrecognized command-line option '-Qunused-arguments'
configure:6645: $? = 1
configure: failed program was:
| /* confdefs.h */
| #define PACKAGE_NAME "Verilator"
| #define PACKAGE_TARNAME "verilator"
| #define PACKAGE_VERSION "5.036 2025-04-27"
| #define PACKAGE_STRING "Verilator 5.036 2025-04-27"
| #define PACKAGE_BUGREPORT "https://verilator.org"
| #define PACKAGE_URL "https://verilator.org"
| #define PACKAGE_VERSION_NUMBER_STRING "5.036"
| #define PACKAGE_VERSION_STRING_CHAR static const char* const PACKAGE_STRING_UNUSED = "Verilator 5.036 2025-04-27";
| #define HAVE_STDIO_H 1
| #define HAVE_STDLIB_H 1
| #define HAVE_STRING_H 1
| #define HAVE_INTTYPES_H 1
| #define HAVE_STDINT_H 1
| #define HAVE_STRINGS_H 1
| #define HAVE_SYS_STAT_H 1
| #define HAVE_SYS_TYPES_H 1
| #define HAVE_UNISTD_H 1
| #define STDC_HEADERS 1
| #define HAVE_COROUTINES 1
| /* end confdefs.h.  */
| an_error "intentional-error-for-test.h"
| 
| int
| main (void)
| {
| 
|   ;
|   return 0;
| }
configure:6658: result: no
configure:6683: checking whether g++ accepts -Xclang -fno-pch-timestamp
configure:6696: g++ -o conftest   -Xclang -fno-pch-timestamp -Werror     conftest.cpp -lsodium >&5
g++: error: unrecognized command-line option '-Xclang'
g++: error: unrecognized command-line option '-fno-pch-timestamp'
configure:6696: $? = 1
configure: failed program was:
| /* confdefs.h */
| #define PACKAGE_NAME "Verilator"
| #define PACKAGE_TARNAME "verilator"
| #define PACKAGE_VERSION "5.036 2025-04-27"
| #define PACKAGE_STRING "Verilator 5.036 2025-04-27"
| #define PACKAGE_BUGREPORT "https://verilator.org"
| #define PACKAGE_URL "https://verilator.org"
| #define PACKAGE_VERSION_NUMBER_STRING "5.036"
| #define PACKAGE_VERSION_STRING_CHAR static const char* const PACKAGE_STRING_UNUSED = "Verilator 5.036 2025-04-27";
| #define HAVE_STDIO_H 1
| #define HAVE_STDLIB_H 1
| #define HAVE_STRING_H 1
| #define HAVE_INTTYPES_H 1
| #define HAVE_STDINT_H 1
| #define HAVE_STRINGS_H 1
| #define HAVE_SYS_STAT_H 1
| #define HAVE_SYS_TYPES_H 1
| #define HAVE_UNISTD_H 1
| #define STDC_HEADERS 1
| #define HAVE_COROUTINES 1
| /* end confdefs.h.  */
| #include <new>
| int
| main (void)
| {
| int* a=new int; delete a;
|   ;
|   return 0;
| }
configure:6725: g++ -c   -Xclang -fno-pch-timestamp -Werror   conftest.cpp >&5
g++: error: unrecognized command-line option '-Xclang'
g++: error: unrecognized command-line option '-fno-pch-timestamp'
configure:6725: $? = 1
configure: failed program was:
| /* confdefs.h */
| #define PACKAGE_NAME "Verilator"
| #define PACKAGE_TARNAME "verilator"
| #define PACKAGE_VERSION "5.036 2025-04-27"
| #define PACKAGE_STRING "Verilator 5.036 2025-04-27"
| #define PACKAGE_BUGREPORT "https://verilator.org"
| #define PACKAGE_URL "https://verilator.org"
| #define PACKAGE_VERSION_NUMBER_STRING "5.036"
| #define PACKAGE_VERSION_STRING_CHAR static const char* const PACKAGE_STRING_UNUSED = "Verilator 5.036 2025-04-27";
| #define HAVE_STDIO_H 1
| #define HAVE_STDLIB_H 1
| #define HAVE_STRING_H 1
| #define HAVE_INTTYPES_H 1
| #define HAVE_STDINT_H 1
| #define HAVE_STRINGS_H 1
| #define HAVE_SYS_STAT_H 1
| #define HAVE_SYS_TYPES_H 1
| #define HAVE_UNISTD_H 1
| #define STDC_HEADERS 1
| #define HAVE_COROUTINES 1
| /* end confdefs.h.  */
| an_error "intentional-error-for-test.h"
| 
| int
| main (void)
| {
| 
|   ;
|   return 0;
| }
configure:6738: result: no
configure:6763: checking whether g++ accepts -faligned-new
configure:6776: g++ -o conftest   -faligned-new -Werror     conftest.cpp -lsodium >&5
configure:6776: $? = 0
configure:6805: g++ -c   -faligned-new -Werror   conftest.cpp >&5
conftest.cpp:22:1: error: 'an_error' does not name a type
   22 | an_error "intentional-error-for-test.h"
      | ^~~~~~~~
configure:6805: $? = 1
configure: failed program was:
| /* confdefs.h */
| #define PACKAGE_NAME "Verilator"
| #define PACKAGE_TARNAME "verilator"
| #define PACKAGE_VERSION "5.036 2025-04-27"
| #define PACKAGE_STRING "Verilator 5.036 2025-04-27"
| #define PACKAGE_BUGREPORT "https://verilator.org"
| #define PACKAGE_URL "https://verilator.org"
| #define PACKAGE_VERSION_NUMBER_STRING "5.036"
| #define PACKAGE_VERSION_STRING_CHAR static const char* const PACKAGE_STRING_UNUSED = "Verilator 5.036 2025-04-27";
| #define HAVE_STDIO_H 1
| #define HAVE_STDLIB_H 1
| #define HAVE_STRING_H 1
| #define HAVE_INTTYPES_H 1
| #define HAVE_STDINT_H 1
| #define HAVE_STRINGS_H 1
| #define HAVE_SYS_STAT_H 1
| #define HAVE_SYS_TYPES_H 1
| #define HAVE_UNISTD_H 1
| #define STDC_HEADERS 1
| #define HAVE_COROUTINES 1
| /* end confdefs.h.  */
| an_error "intentional-error-for-test.h"
| 
| int
| main (void)
| {
| 
|   ;
|   return 0;
| }
configure:6818: result: yes
configure:6843: checking whether g++ accepts -Wno-unused-parameter
configure:6856: g++ -o conftest   -Wno-unused-parameter -Werror     conftest.cpp -lsodium >&5
configure:6856: $? = 0
configure:6885: g++ -c   -Wno-unused-parameter -Werror   conftest.cpp >&5
conftest.cpp:22:1: error: 'an_error' does not name a type
   22 | an_error "intentional-error-for-test.h"
      | ^~~~~~~~
configure:6885: $? = 1
configure: failed program was:
| /* confdefs.h */
| #define PACKAGE_NAME "Verilator"
| #define PACKAGE_TARNAME "verilator"
| #define PACKAGE_VERSION "5.036 2025-04-27"
| #define PACKAGE_STRING "Verilator 5.036 2025-04-27"
| #define PACKAGE_BUGREPORT "https://verilator.org"
| #define PACKAGE_URL "https://verilator.org"
| #define PACKAGE_VERSION_NUMBER_STRING "5.036"
| #define PACKAGE_VERSION_STRING_CHAR static const char* const PACKAGE_STRING_UNUSED = "Verilator 5.036 2025-04-27";
| #define HAVE_STDIO_H 1
| #define HAVE_STDLIB_H 1
| #define HAVE_STRING_H 1
| #define HAVE_INTTYPES_H 1
| #define HAVE_STDINT_H 1
| #define HAVE_STRINGS_H 1
| #define HAVE_SYS_STAT_H 1
| #define HAVE_SYS_TYPES_H 1
| #define HAVE_UNISTD_H 1
| #define STDC_HEADERS 1
| #define HAVE_COROUTINES 1
| /* end confdefs.h.  */
| an_error "intentional-error-for-test.h"
| 
| int
| main (void)
| {
| 
|   ;
|   return 0;
| }
configure:6898: result: yes
configure:6923: checking whether g++ accepts -Wno-shadow
configure:6936: g++ -o conftest   -Wno-shadow -Werror     conftest.cpp -lsodium >&5
configure:6936: $? = 0
configure:6965: g++ -c   -Wno-shadow -Werror   conftest.cpp >&5
conftest.cpp:22:1: error: 'an_error' does not name a type
   22 | an_error "intentional-error-for-test.h"
      | ^~~~~~~~
configure:6965: $? = 1
configure: failed program was:
| /* confdefs.h */
| #define PACKAGE_NAME "Verilator"
| #define PACKAGE_TARNAME "verilator"
| #define PACKAGE_VERSION "5.036 2025-04-27"
| #define PACKAGE_STRING "Verilator 5.036 2025-04-27"
| #define PACKAGE_BUGREPORT "https://verilator.org"
| #define PACKAGE_URL "https://verilator.org"
| #define PACKAGE_VERSION_NUMBER_STRING "5.036"
| #define PACKAGE_VERSION_STRING_CHAR static const char* const PACKAGE_STRING_UNUSED = "Verilator 5.036 2025-04-27";
| #define HAVE_STDIO_H 1
| #define HAVE_STDLIB_H 1
| #define HAVE_STRING_H 1
| #define HAVE_INTTYPES_H 1
| #define HAVE_STDINT_H 1
| #define HAVE_STRINGS_H 1
| #define HAVE_SYS_STAT_H 1
| #define HAVE_SYS_TYPES_H 1
| #define HAVE_UNISTD_H 1
| #define STDC_HEADERS 1
| #define HAVE_COROUTINES 1
| /* end confdefs.h.  */
| an_error "intentional-error-for-test.h"
| 
| int
| main (void)
| {
| 
|   ;
|   return 0;
| }
configure:6978: result: yes
configure:7006: checking whether g++ accepts -Wno-char-subscripts
configure:7019: g++ -o conftest   -Wno-char-subscripts -Werror     conftest.cpp -lsodium >&5
configure:7019: $? = 0
configure:7048: g++ -c   -Wno-char-subscripts -Werror   conftest.cpp >&5
conftest.cpp:22:1: error: 'an_error' does not name a type
   22 | an_error "intentional-error-for-test.h"
      | ^~~~~~~~
configure:7048: $? = 1
configure: failed program was:
| /* confdefs.h */
| #define PACKAGE_NAME "Verilator"
| #define PACKAGE_TARNAME "verilator"
| #define PACKAGE_VERSION "5.036 2025-04-27"
| #define PACKAGE_STRING "Verilator 5.036 2025-04-27"
| #define PACKAGE_BUGREPORT "https://verilator.org"
| #define PACKAGE_URL "https://verilator.org"
| #define PACKAGE_VERSION_NUMBER_STRING "5.036"
| #define PACKAGE_VERSION_STRING_CHAR static const char* const PACKAGE_STRING_UNUSED = "Verilator 5.036 2025-04-27";
| #define HAVE_STDIO_H 1
| #define HAVE_STDLIB_H 1
| #define HAVE_STRING_H 1
| #define HAVE_INTTYPES_H 1
| #define HAVE_STDINT_H 1
| #define HAVE_STRINGS_H 1
| #define HAVE_SYS_STAT_H 1
| #define HAVE_SYS_TYPES_H 1
| #define HAVE_UNISTD_H 1
| #define STDC_HEADERS 1
| #define HAVE_COROUTINES 1
| /* end confdefs.h.  */
| an_error "intentional-error-for-test.h"
| 
| int
| main (void)
| {
| 
|   ;
|   return 0;
| }
configure:7061: result: yes
configure:7086: checking whether g++ accepts -Wno-null-conversion
configure:7099: g++ -o conftest   -Wno-null-conversion -Werror     conftest.cpp -lsodium >&5
configure:7099: $? = 0
configure:7128: g++ -c   -Wno-null-conversion -Werror   conftest.cpp >&5
conftest.cpp:22:1: error: 'an_error' does not name a type
   22 | an_error "intentional-error-for-test.h"
      | ^~~~~~~~
cc1plus: note: unrecognized command-line option '-Wno-null-conversion' may have been intended to silence earlier diagnostics
configure:7128: $? = 1
configure: failed program was:
| /* confdefs.h */
| #define PACKAGE_NAME "Verilator"
| #define PACKAGE_TARNAME "verilator"
| #define PACKAGE_VERSION "5.036 2025-04-27"
| #define PACKAGE_STRING "Verilator 5.036 2025-04-27"
| #define PACKAGE_BUGREPORT "https://verilator.org"
| #define PACKAGE_URL "https://verilator.org"
| #define PACKAGE_VERSION_NUMBER_STRING "5.036"
| #define PACKAGE_VERSION_STRING_CHAR static const char* const PACKAGE_STRING_UNUSED = "Verilator 5.036 2025-04-27";
| #define HAVE_STDIO_H 1
| #define HAVE_STDLIB_H 1
| #define HAVE_STRING_H 1
| #define HAVE_INTTYPES_H 1
| #define HAVE_STDINT_H 1
| #define HAVE_STRINGS_H 1
| #define HAVE_SYS_STAT_H 1
| #define HAVE_SYS_TYPES_H 1
| #define HAVE_UNISTD_H 1
| #define STDC_HEADERS 1
| #define HAVE_COROUTINES 1
| /* end confdefs.h.  */
| an_error "intentional-error-for-test.h"
| 
| int
| main (void)
| {
| 
|   ;
|   return 0;
| }
configure:7141: result: no
configure:7166: checking whether g++ accepts -Wno-parentheses-equality
configure:7179: g++ -o conftest   -Wno-parentheses-equality -Werror     conftest.cpp -lsodium >&5
configure:7179: $? = 0
configure:7208: g++ -c   -Wno-parentheses-equality -Werror   conftest.cpp >&5
conftest.cpp:22:1: error: 'an_error' does not name a type
   22 | an_error "intentional-error-for-test.h"
      | ^~~~~~~~
cc1plus: note: unrecognized command-line option '-Wno-parentheses-equality' may have been intended to silence earlier diagnostics
configure:7208: $? = 1
configure: failed program was:
| /* confdefs.h */
| #define PACKAGE_NAME "Verilator"
| #define PACKAGE_TARNAME "verilator"
| #define PACKAGE_VERSION "5.036 2025-04-27"
| #define PACKAGE_STRING "Verilator 5.036 2025-04-27"
| #define PACKAGE_BUGREPORT "https://verilator.org"
| #define PACKAGE_URL "https://verilator.org"
| #define PACKAGE_VERSION_NUMBER_STRING "5.036"
| #define PACKAGE_VERSION_STRING_CHAR static const char* const PACKAGE_STRING_UNUSED = "Verilator 5.036 2025-04-27";
| #define HAVE_STDIO_H 1
| #define HAVE_STDLIB_H 1
| #define HAVE_STRING_H 1
| #define HAVE_INTTYPES_H 1
| #define HAVE_STDINT_H 1
| #define HAVE_STRINGS_H 1
| #define HAVE_SYS_STAT_H 1
| #define HAVE_SYS_TYPES_H 1
| #define HAVE_UNISTD_H 1
| #define STDC_HEADERS 1
| #define HAVE_COROUTINES 1
| /* end confdefs.h.  */
| an_error "intentional-error-for-test.h"
| 
| int
| main (void)
| {
| 
|   ;
|   return 0;
| }
configure:7221: result: no
configure:7246: checking whether g++ accepts -Wno-unused
configure:7259: g++ -o conftest   -Wno-unused -Werror     conftest.cpp -lsodium >&5
configure:7259: $? = 0
configure:7288: g++ -c   -Wno-unused -Werror   conftest.cpp >&5
conftest.cpp:22:1: error: 'an_error' does not name a type
   22 | an_error "intentional-error-for-test.h"
      | ^~~~~~~~
configure:7288: $? = 1
configure: failed program was:
| /* confdefs.h */
| #define PACKAGE_NAME "Verilator"
| #define PACKAGE_TARNAME "verilator"
| #define PACKAGE_VERSION "5.036 2025-04-27"
| #define PACKAGE_STRING "Verilator 5.036 2025-04-27"
| #define PACKAGE_BUGREPORT "https://verilator.org"
| #define PACKAGE_URL "https://verilator.org"
| #define PACKAGE_VERSION_NUMBER_STRING "5.036"
| #define PACKAGE_VERSION_STRING_CHAR static const char* const PACKAGE_STRING_UNUSED = "Verilator 5.036 2025-04-27";
| #define HAVE_STDIO_H 1
| #define HAVE_STDLIB_H 1
| #define HAVE_STRING_H 1
| #define HAVE_INTTYPES_H 1
| #define HAVE_STDINT_H 1
| #define HAVE_STRINGS_H 1
| #define HAVE_SYS_STAT_H 1
| #define HAVE_SYS_TYPES_H 1
| #define HAVE_UNISTD_H 1
| #define STDC_HEADERS 1
| #define HAVE_COROUTINES 1
| /* end confdefs.h.  */
| an_error "intentional-error-for-test.h"
| 
| int
| main (void)
| {
| 
|   ;
|   return 0;
| }
configure:7301: result: yes
configure:7330: checking whether g++ accepts -Og
configure:7343: g++ -o conftest   -Og -Werror     conftest.cpp -lsodium >&5
configure:7343: $? = 0
configure:7372: g++ -c   -Og -Werror   conftest.cpp >&5
conftest.cpp:22:1: error: 'an_error' does not name a type
   22 | an_error "intentional-error-for-test.h"
      | ^~~~~~~~
configure:7372: $? = 1
configure: failed program was:
| /* confdefs.h */
| #define PACKAGE_NAME "Verilator"
| #define PACKAGE_TARNAME "verilator"
| #define PACKAGE_VERSION "5.036 2025-04-27"
| #define PACKAGE_STRING "Verilator 5.036 2025-04-27"
| #define PACKAGE_BUGREPORT "https://verilator.org"
| #define PACKAGE_URL "https://verilator.org"
| #define PACKAGE_VERSION_NUMBER_STRING "5.036"
| #define PACKAGE_VERSION_STRING_CHAR static const char* const PACKAGE_STRING_UNUSED = "Verilator 5.036 2025-04-27";
| #define HAVE_STDIO_H 1
| #define HAVE_STDLIB_H 1
| #define HAVE_STRING_H 1
| #define HAVE_INTTYPES_H 1
| #define HAVE_STDINT_H 1
| #define HAVE_STRINGS_H 1
| #define HAVE_SYS_STAT_H 1
| #define HAVE_SYS_TYPES_H 1
| #define HAVE_UNISTD_H 1
| #define STDC_HEADERS 1
| #define HAVE_COROUTINES 1
| /* end confdefs.h.  */
| an_error "intentional-error-for-test.h"
| 
| int
| main (void)
| {
| 
|   ;
|   return 0;
| }
configure:7385: result: yes
configure:7411: checking whether g++ accepts -ggdb
configure:7424: g++ -o conftest   -ggdb -Werror     conftest.cpp -lsodium >&5
configure:7424: $? = 0
configure:7453: g++ -c   -ggdb -Werror   conftest.cpp >&5
conftest.cpp:22:1: error: 'an_error' does not name a type
   22 | an_error "intentional-error-for-test.h"
      | ^~~~~~~~
configure:7453: $? = 1
configure: failed program was:
| /* confdefs.h */
| #define PACKAGE_NAME "Verilator"
| #define PACKAGE_TARNAME "verilator"
| #define PACKAGE_VERSION "5.036 2025-04-27"
| #define PACKAGE_STRING "Verilator 5.036 2025-04-27"
| #define PACKAGE_BUGREPORT "https://verilator.org"
| #define PACKAGE_URL "https://verilator.org"
| #define PACKAGE_VERSION_NUMBER_STRING "5.036"
| #define PACKAGE_VERSION_STRING_CHAR static const char* const PACKAGE_STRING_UNUSED = "Verilator 5.036 2025-04-27";
| #define HAVE_STDIO_H 1
| #define HAVE_STDLIB_H 1
| #define HAVE_STRING_H 1
| #define HAVE_INTTYPES_H 1
| #define HAVE_STDINT_H 1
| #define HAVE_STRINGS_H 1
| #define HAVE_SYS_STAT_H 1
| #define HAVE_SYS_TYPES_H 1
| #define HAVE_UNISTD_H 1
| #define STDC_HEADERS 1
| #define HAVE_COROUTINES 1
| /* end confdefs.h.  */
| an_error "intentional-error-for-test.h"
| 
| int
| main (void)
| {
| 
|   ;
|   return 0;
| }
configure:7466: result: yes
configure:7491: checking whether g++ accepts -gz
configure:7504: g++ -o conftest   -gz -Werror     conftest.cpp -lsodium >&5
configure:7504: $? = 0
configure:7533: g++ -c   -gz -Werror   conftest.cpp >&5
conftest.cpp:22:1: error: 'an_error' does not name a type
   22 | an_error "intentional-error-for-test.h"
      | ^~~~~~~~
configure:7533: $? = 1
configure: failed program was:
| /* confdefs.h */
| #define PACKAGE_NAME "Verilator"
| #define PACKAGE_TARNAME "verilator"
| #define PACKAGE_VERSION "5.036 2025-04-27"
| #define PACKAGE_STRING "Verilator 5.036 2025-04-27"
| #define PACKAGE_BUGREPORT "https://verilator.org"
| #define PACKAGE_URL "https://verilator.org"
| #define PACKAGE_VERSION_NUMBER_STRING "5.036"
| #define PACKAGE_VERSION_STRING_CHAR static const char* const PACKAGE_STRING_UNUSED = "Verilator 5.036 2025-04-27";
| #define HAVE_STDIO_H 1
| #define HAVE_STDLIB_H 1
| #define HAVE_STRING_H 1
| #define HAVE_INTTYPES_H 1
| #define HAVE_STDINT_H 1
| #define HAVE_STRINGS_H 1
| #define HAVE_SYS_STAT_H 1
| #define HAVE_SYS_TYPES_H 1
| #define HAVE_UNISTD_H 1
| #define STDC_HEADERS 1
| #define HAVE_COROUTINES 1
| /* end confdefs.h.  */
| an_error "intentional-error-for-test.h"
| 
| int
| main (void)
| {
| 
|   ;
|   return 0;
| }
configure:7546: result: yes
configure:7571: checking whether g++ linker accepts -gz
configure:7584: g++ -o conftest       conftest.cpp -lsodium -gz >&5
configure:7584: $? = 0
configure:7598: result: yes
configure:7635: checking whether g++ accepts -faligned-new
configure:7648: g++ -o conftest   -faligned-new -Werror     conftest.cpp -lsodium >&5
configure:7648: $? = 0
configure:7677: g++ -c   -faligned-new -Werror   conftest.cpp >&5
conftest.cpp:22:1: error: 'an_error' does not name a type
   22 | an_error "intentional-error-for-test.h"
      | ^~~~~~~~
configure:7677: $? = 1
configure: failed program was:
| /* confdefs.h */
| #define PACKAGE_NAME "Verilator"
| #define PACKAGE_TARNAME "verilator"
| #define PACKAGE_VERSION "5.036 2025-04-27"
| #define PACKAGE_STRING "Verilator 5.036 2025-04-27"
| #define PACKAGE_BUGREPORT "https://verilator.org"
| #define PACKAGE_URL "https://verilator.org"
| #define PACKAGE_VERSION_NUMBER_STRING "5.036"
| #define PACKAGE_VERSION_STRING_CHAR static const char* const PACKAGE_STRING_UNUSED = "Verilator 5.036 2025-04-27";
| #define HAVE_STDIO_H 1
| #define HAVE_STDLIB_H 1
| #define HAVE_STRING_H 1
| #define HAVE_INTTYPES_H 1
| #define HAVE_STDINT_H 1
| #define HAVE_STRINGS_H 1
| #define HAVE_SYS_STAT_H 1
| #define HAVE_SYS_TYPES_H 1
| #define HAVE_UNISTD_H 1
| #define STDC_HEADERS 1
| #define HAVE_COROUTINES 1
| /* end confdefs.h.  */
| an_error "intentional-error-for-test.h"
| 
| int
| main (void)
| {
| 
|   ;
|   return 0;
| }
configure:7690: result: yes
configure:7718: checking whether g++ accepts -fbracket-depth=4096
configure:7731: g++ -o conftest   -fbracket-depth=4096 -Werror     conftest.cpp -lsodium >&5
g++: error: unrecognized command-line option '-fbracket-depth=4096'
configure:7731: $? = 1
configure: failed program was:
| /* confdefs.h */
| #define PACKAGE_NAME "Verilator"
| #define PACKAGE_TARNAME "verilator"
| #define PACKAGE_VERSION "5.036 2025-04-27"
| #define PACKAGE_STRING "Verilator 5.036 2025-04-27"
| #define PACKAGE_BUGREPORT "https://verilator.org"
| #define PACKAGE_URL "https://verilator.org"
| #define PACKAGE_VERSION_NUMBER_STRING "5.036"
| #define PACKAGE_VERSION_STRING_CHAR static const char* const PACKAGE_STRING_UNUSED = "Verilator 5.036 2025-04-27";
| #define HAVE_STDIO_H 1
| #define HAVE_STDLIB_H 1
| #define HAVE_STRING_H 1
| #define HAVE_INTTYPES_H 1
| #define HAVE_STDINT_H 1
| #define HAVE_STRINGS_H 1
| #define HAVE_SYS_STAT_H 1
| #define HAVE_SYS_TYPES_H 1
| #define HAVE_UNISTD_H 1
| #define STDC_HEADERS 1
| #define HAVE_COROUTINES 1
| /* end confdefs.h.  */
| #include <new>
| int
| main (void)
| {
| int* a=new int; delete a;
|   ;
|   return 0;
| }
configure:7760: g++ -c   -fbracket-depth=4096 -Werror   conftest.cpp >&5
g++: error: unrecognized command-line option '-fbracket-depth=4096'
configure:7760: $? = 1
configure: failed program was:
| /* confdefs.h */
| #define PACKAGE_NAME "Verilator"
| #define PACKAGE_TARNAME "verilator"
| #define PACKAGE_VERSION "5.036 2025-04-27"
| #define PACKAGE_STRING "Verilator 5.036 2025-04-27"
| #define PACKAGE_BUGREPORT "https://verilator.org"
| #define PACKAGE_URL "https://verilator.org"
| #define PACKAGE_VERSION_NUMBER_STRING "5.036"
| #define PACKAGE_VERSION_STRING_CHAR static const char* const PACKAGE_STRING_UNUSED = "Verilator 5.036 2025-04-27";
| #define HAVE_STDIO_H 1
| #define HAVE_STDLIB_H 1
| #define HAVE_STRING_H 1
| #define HAVE_INTTYPES_H 1
| #define HAVE_STDINT_H 1
| #define HAVE_STRINGS_H 1
| #define HAVE_SYS_STAT_H 1
| #define HAVE_SYS_TYPES_H 1
| #define HAVE_UNISTD_H 1
| #define STDC_HEADERS 1
| #define HAVE_COROUTINES 1
| /* end confdefs.h.  */
| an_error "intentional-error-for-test.h"
| 
| int
| main (void)
| {
| 
|   ;
|   return 0;
| }
configure:7773: result: no
configure:7801: checking whether g++ accepts -fcf-protection=none
configure:7814: g++ -o conftest   -fcf-protection=none -Werror     conftest.cpp -lsodium >&5
configure:7814: $? = 0
configure:7843: g++ -c   -fcf-protection=none -Werror   conftest.cpp >&5
conftest.cpp:22:1: error: 'an_error' does not name a type
   22 | an_error "intentional-error-for-test.h"
      | ^~~~~~~~
configure:7843: $? = 1
configure: failed program was:
| /* confdefs.h */
| #define PACKAGE_NAME "Verilator"
| #define PACKAGE_TARNAME "verilator"
| #define PACKAGE_VERSION "5.036 2025-04-27"
| #define PACKAGE_STRING "Verilator 5.036 2025-04-27"
| #define PACKAGE_BUGREPORT "https://verilator.org"
| #define PACKAGE_URL "https://verilator.org"
| #define PACKAGE_VERSION_NUMBER_STRING "5.036"
| #define PACKAGE_VERSION_STRING_CHAR static const char* const PACKAGE_STRING_UNUSED = "Verilator 5.036 2025-04-27";
| #define HAVE_STDIO_H 1
| #define HAVE_STDLIB_H 1
| #define HAVE_STRING_H 1
| #define HAVE_INTTYPES_H 1
| #define HAVE_STDINT_H 1
| #define HAVE_STRINGS_H 1
| #define HAVE_SYS_STAT_H 1
| #define HAVE_SYS_TYPES_H 1
| #define HAVE_UNISTD_H 1
| #define STDC_HEADERS 1
| #define HAVE_COROUTINES 1
| /* end confdefs.h.  */
| an_error "intentional-error-for-test.h"
| 
| int
| main (void)
| {
| 
|   ;
|   return 0;
| }
configure:7856: result: yes
configure:7884: checking whether g++ accepts -Xclang -fno-pch-timestamp
configure:7897: g++ -o conftest   -Xclang -fno-pch-timestamp -Werror     conftest.cpp -lsodium >&5
g++: error: unrecognized command-line option '-Xclang'
g++: error: unrecognized command-line option '-fno-pch-timestamp'
configure:7897: $? = 1
configure: failed program was:
| /* confdefs.h */
| #define PACKAGE_NAME "Verilator"
| #define PACKAGE_TARNAME "verilator"
| #define PACKAGE_VERSION "5.036 2025-04-27"
| #define PACKAGE_STRING "Verilator 5.036 2025-04-27"
| #define PACKAGE_BUGREPORT "https://verilator.org"
| #define PACKAGE_URL "https://verilator.org"
| #define PACKAGE_VERSION_NUMBER_STRING "5.036"
| #define PACKAGE_VERSION_STRING_CHAR static const char* const PACKAGE_STRING_UNUSED = "Verilator 5.036 2025-04-27";
| #define HAVE_STDIO_H 1
| #define HAVE_STDLIB_H 1
| #define HAVE_STRING_H 1
| #define HAVE_INTTYPES_H 1
| #define HAVE_STDINT_H 1
| #define HAVE_STRINGS_H 1
| #define HAVE_SYS_STAT_H 1
| #define HAVE_SYS_TYPES_H 1
| #define HAVE_UNISTD_H 1
| #define STDC_HEADERS 1
| #define HAVE_COROUTINES 1
| /* end confdefs.h.  */
| #include <new>
| int
| main (void)
| {
| int* a=new int; delete a;
|   ;
|   return 0;
| }
configure:7926: g++ -c   -Xclang -fno-pch-timestamp -Werror   conftest.cpp >&5
g++: error: unrecognized command-line option '-Xclang'
g++: error: unrecognized command-line option '-fno-pch-timestamp'
configure:7926: $? = 1
configure: failed program was:
| /* confdefs.h */
| #define PACKAGE_NAME "Verilator"
| #define PACKAGE_TARNAME "verilator"
| #define PACKAGE_VERSION "5.036 2025-04-27"
| #define PACKAGE_STRING "Verilator 5.036 2025-04-27"
| #define PACKAGE_BUGREPORT "https://verilator.org"
| #define PACKAGE_URL "https://verilator.org"
| #define PACKAGE_VERSION_NUMBER_STRING "5.036"
| #define PACKAGE_VERSION_STRING_CHAR static const char* const PACKAGE_STRING_UNUSED = "Verilator 5.036 2025-04-27";
| #define HAVE_STDIO_H 1
| #define HAVE_STDLIB_H 1
| #define HAVE_STRING_H 1
| #define HAVE_INTTYPES_H 1
| #define HAVE_STDINT_H 1
| #define HAVE_STRINGS_H 1
| #define HAVE_SYS_STAT_H 1
| #define HAVE_SYS_TYPES_H 1
| #define HAVE_UNISTD_H 1
| #define STDC_HEADERS 1
| #define HAVE_COROUTINES 1
| /* end confdefs.h.  */
| an_error "intentional-error-for-test.h"
| 
| int
| main (void)
| {
| 
|   ;
|   return 0;
| }
configure:7939: result: no
configure:7967: checking whether g++ accepts -mno-cet
configure:7980: g++ -o conftest   -mno-cet -Werror     conftest.cpp -lsodium >&5
g++: error: unrecognized command-line option '-mno-cet'; did you mean '-mno-aes'?
configure:7980: $? = 1
configure: failed program was:
| /* confdefs.h */
| #define PACKAGE_NAME "Verilator"
| #define PACKAGE_TARNAME "verilator"
| #define PACKAGE_VERSION "5.036 2025-04-27"
| #define PACKAGE_STRING "Verilator 5.036 2025-04-27"
| #define PACKAGE_BUGREPORT "https://verilator.org"
| #define PACKAGE_URL "https://verilator.org"
| #define PACKAGE_VERSION_NUMBER_STRING "5.036"
| #define PACKAGE_VERSION_STRING_CHAR static const char* const PACKAGE_STRING_UNUSED = "Verilator 5.036 2025-04-27";
| #define HAVE_STDIO_H 1
| #define HAVE_STDLIB_H 1
| #define HAVE_STRING_H 1
| #define HAVE_INTTYPES_H 1
| #define HAVE_STDINT_H 1
| #define HAVE_STRINGS_H 1
| #define HAVE_SYS_STAT_H 1
| #define HAVE_SYS_TYPES_H 1
| #define HAVE_UNISTD_H 1
| #define STDC_HEADERS 1
| #define HAVE_COROUTINES 1
| /* end confdefs.h.  */
| #include <new>
| int
| main (void)
| {
| int* a=new int; delete a;
|   ;
|   return 0;
| }
configure:8009: g++ -c   -mno-cet -Werror   conftest.cpp >&5
g++: error: unrecognized command-line option '-mno-cet'; did you mean '-mno-aes'?
configure:8009: $? = 1
configure: failed program was:
| /* confdefs.h */
| #define PACKAGE_NAME "Verilator"
| #define PACKAGE_TARNAME "verilator"
| #define PACKAGE_VERSION "5.036 2025-04-27"
| #define PACKAGE_STRING "Verilator 5.036 2025-04-27"
| #define PACKAGE_BUGREPORT "https://verilator.org"
| #define PACKAGE_URL "https://verilator.org"
| #define PACKAGE_VERSION_NUMBER_STRING "5.036"
| #define PACKAGE_VERSION_STRING_CHAR static const char* const PACKAGE_STRING_UNUSED = "Verilator 5.036 2025-04-27";
| #define HAVE_STDIO_H 1
| #define HAVE_STDLIB_H 1
| #define HAVE_STRING_H 1
| #define HAVE_INTTYPES_H 1
| #define HAVE_STDINT_H 1
| #define HAVE_STRINGS_H 1
| #define HAVE_SYS_STAT_H 1
| #define HAVE_SYS_TYPES_H 1
| #define HAVE_UNISTD_H 1
| #define STDC_HEADERS 1
| #define HAVE_COROUTINES 1
| /* end confdefs.h.  */
| an_error "intentional-error-for-test.h"
| 
| int
| main (void)
| {
| 
|   ;
|   return 0;
| }
configure:8022: result: no
configure:8050: checking whether g++ accepts -Qunused-arguments
configure:8063: g++ -o conftest   -Qunused-arguments -Werror     conftest.cpp -lsodium >&5
g++: error: unrecognized command-line option '-Qunused-arguments'
configure:8063: $? = 1
configure: failed program was:
| /* confdefs.h */
| #define PACKAGE_NAME "Verilator"
| #define PACKAGE_TARNAME "verilator"
| #define PACKAGE_VERSION "5.036 2025-04-27"
| #define PACKAGE_STRING "Verilator 5.036 2025-04-27"
| #define PACKAGE_BUGREPORT "https://verilator.org"
| #define PACKAGE_URL "https://verilator.org"
| #define PACKAGE_VERSION_NUMBER_STRING "5.036"
| #define PACKAGE_VERSION_STRING_CHAR static const char* const PACKAGE_STRING_UNUSED = "Verilator 5.036 2025-04-27";
| #define HAVE_STDIO_H 1
| #define HAVE_STDLIB_H 1
| #define HAVE_STRING_H 1
| #define HAVE_INTTYPES_H 1
| #define HAVE_STDINT_H 1
| #define HAVE_STRINGS_H 1
| #define HAVE_SYS_STAT_H 1
| #define HAVE_SYS_TYPES_H 1
| #define HAVE_UNISTD_H 1
| #define STDC_HEADERS 1
| #define HAVE_COROUTINES 1
| /* end confdefs.h.  */
| #include <new>
| int
| main (void)
| {
| int* a=new int; delete a;
|   ;
|   return 0;
| }
configure:8092: g++ -c   -Qunused-arguments -Werror   conftest.cpp >&5
g++: error: unrecognized command-line option '-Qunused-arguments'
configure:8092: $? = 1
configure: failed program was:
| /* confdefs.h */
| #define PACKAGE_NAME "Verilator"
| #define PACKAGE_TARNAME "verilator"
| #define PACKAGE_VERSION "5.036 2025-04-27"
| #define PACKAGE_STRING "Verilator 5.036 2025-04-27"
| #define PACKAGE_BUGREPORT "https://verilator.org"
| #define PACKAGE_URL "https://verilator.org"
| #define PACKAGE_VERSION_NUMBER_STRING "5.036"
| #define PACKAGE_VERSION_STRING_CHAR static const char* const PACKAGE_STRING_UNUSED = "Verilator 5.036 2025-04-27";
| #define HAVE_STDIO_H 1
| #define HAVE_STDLIB_H 1
| #define HAVE_STRING_H 1
| #define HAVE_INTTYPES_H 1
| #define HAVE_STDINT_H 1
| #define HAVE_STRINGS_H 1
| #define HAVE_SYS_STAT_H 1
| #define HAVE_SYS_TYPES_H 1
| #define HAVE_UNISTD_H 1
| #define STDC_HEADERS 1
| #define HAVE_COROUTINES 1
| /* end confdefs.h.  */
| an_error "intentional-error-for-test.h"
| 
| int
| main (void)
| {
| 
|   ;
|   return 0;
| }
configure:8105: result: no
configure:8133: checking whether g++ accepts -Wno-bool-operation
configure:8146: g++ -o conftest   -Wno-bool-operation -Werror     conftest.cpp -lsodium >&5
configure:8146: $? = 0
configure:8175: g++ -c   -Wno-bool-operation -Werror   conftest.cpp >&5
conftest.cpp:22:1: error: 'an_error' does not name a type
   22 | an_error "intentional-error-for-test.h"
      | ^~~~~~~~
configure:8175: $? = 1
configure: failed program was:
| /* confdefs.h */
| #define PACKAGE_NAME "Verilator"
| #define PACKAGE_TARNAME "verilator"
| #define PACKAGE_VERSION "5.036 2025-04-27"
| #define PACKAGE_STRING "Verilator 5.036 2025-04-27"
| #define PACKAGE_BUGREPORT "https://verilator.org"
| #define PACKAGE_URL "https://verilator.org"
| #define PACKAGE_VERSION_NUMBER_STRING "5.036"
| #define PACKAGE_VERSION_STRING_CHAR static const char* const PACKAGE_STRING_UNUSED = "Verilator 5.036 2025-04-27";
| #define HAVE_STDIO_H 1
| #define HAVE_STDLIB_H 1
| #define HAVE_STRING_H 1
| #define HAVE_INTTYPES_H 1
| #define HAVE_STDINT_H 1
| #define HAVE_STRINGS_H 1
| #define HAVE_SYS_STAT_H 1
| #define HAVE_SYS_TYPES_H 1
| #define HAVE_UNISTD_H 1
| #define STDC_HEADERS 1
| #define HAVE_COROUTINES 1
| /* end confdefs.h.  */
| an_error "intentional-error-for-test.h"
| 
| int
| main (void)
| {
| 
|   ;
|   return 0;
| }
configure:8188: result: yes
configure:8216: checking whether g++ accepts -Wno-c++11-narrowing
configure:8229: g++ -o conftest   -Wno-c++11-narrowing -Werror     conftest.cpp -lsodium >&5
configure:8229: $? = 0
configure:8258: g++ -c   -Wno-c++11-narrowing -Werror   conftest.cpp >&5
conftest.cpp:22:1: error: 'an_error' does not name a type
   22 | an_error "intentional-error-for-test.h"
      | ^~~~~~~~
cc1plus: note: unrecognized command-line option '-Wno-c++11-narrowing' may have been intended to silence earlier diagnostics
configure:8258: $? = 1
configure: failed program was:
| /* confdefs.h */
| #define PACKAGE_NAME "Verilator"
| #define PACKAGE_TARNAME "verilator"
| #define PACKAGE_VERSION "5.036 2025-04-27"
| #define PACKAGE_STRING "Verilator 5.036 2025-04-27"
| #define PACKAGE_BUGREPORT "https://verilator.org"
| #define PACKAGE_URL "https://verilator.org"
| #define PACKAGE_VERSION_NUMBER_STRING "5.036"
| #define PACKAGE_VERSION_STRING_CHAR static const char* const PACKAGE_STRING_UNUSED = "Verilator 5.036 2025-04-27";
| #define HAVE_STDIO_H 1
| #define HAVE_STDLIB_H 1
| #define HAVE_STRING_H 1
| #define HAVE_INTTYPES_H 1
| #define HAVE_STDINT_H 1
| #define HAVE_STRINGS_H 1
| #define HAVE_SYS_STAT_H 1
| #define HAVE_SYS_TYPES_H 1
| #define HAVE_UNISTD_H 1
| #define STDC_HEADERS 1
| #define HAVE_COROUTINES 1
| /* end confdefs.h.  */
| an_error "intentional-error-for-test.h"
| 
| int
| main (void)
| {
| 
|   ;
|   return 0;
| }
configure:8271: result: no
configure:8299: checking whether g++ accepts -Wno-constant-logical-operand
configure:8312: g++ -o conftest   -Wno-constant-logical-operand -Werror     conftest.cpp -lsodium >&5
configure:8312: $? = 0
configure:8341: g++ -c   -Wno-constant-logical-operand -Werror   conftest.cpp >&5
conftest.cpp:22:1: error: 'an_error' does not name a type
   22 | an_error "intentional-error-for-test.h"
      | ^~~~~~~~
cc1plus: note: unrecognized command-line option '-Wno-constant-logical-operand' may have been intended to silence earlier diagnostics
configure:8341: $? = 1
configure: failed program was:
| /* confdefs.h */
| #define PACKAGE_NAME "Verilator"
| #define PACKAGE_TARNAME "verilator"
| #define PACKAGE_VERSION "5.036 2025-04-27"
| #define PACKAGE_STRING "Verilator 5.036 2025-04-27"
| #define PACKAGE_BUGREPORT "https://verilator.org"
| #define PACKAGE_URL "https://verilator.org"
| #define PACKAGE_VERSION_NUMBER_STRING "5.036"
| #define PACKAGE_VERSION_STRING_CHAR static const char* const PACKAGE_STRING_UNUSED = "Verilator 5.036 2025-04-27";
| #define HAVE_STDIO_H 1
| #define HAVE_STDLIB_H 1
| #define HAVE_STRING_H 1
| #define HAVE_INTTYPES_H 1
| #define HAVE_STDINT_H 1
| #define HAVE_STRINGS_H 1
| #define HAVE_SYS_STAT_H 1
| #define HAVE_SYS_TYPES_H 1
| #define HAVE_UNISTD_H 1
| #define STDC_HEADERS 1
| #define HAVE_COROUTINES 1
| /* end confdefs.h.  */
| an_error "intentional-error-for-test.h"
| 
| int
| main (void)
| {
| 
|   ;
|   return 0;
| }
configure:8354: result: no
configure:8382: checking whether g++ accepts -Wno-non-pod-varargs
configure:8395: g++ -o conftest   -Wno-non-pod-varargs -Werror     conftest.cpp -lsodium >&5
configure:8395: $? = 0
configure:8424: g++ -c   -Wno-non-pod-varargs -Werror   conftest.cpp >&5
conftest.cpp:22:1: error: 'an_error' does not name a type
   22 | an_error "intentional-error-for-test.h"
      | ^~~~~~~~
cc1plus: note: unrecognized command-line option '-Wno-non-pod-varargs' may have been intended to silence earlier diagnostics
configure:8424: $? = 1
configure: failed program was:
| /* confdefs.h */
| #define PACKAGE_NAME "Verilator"
| #define PACKAGE_TARNAME "verilator"
| #define PACKAGE_VERSION "5.036 2025-04-27"
| #define PACKAGE_STRING "Verilator 5.036 2025-04-27"
| #define PACKAGE_BUGREPORT "https://verilator.org"
| #define PACKAGE_URL "https://verilator.org"
| #define PACKAGE_VERSION_NUMBER_STRING "5.036"
| #define PACKAGE_VERSION_STRING_CHAR static const char* const PACKAGE_STRING_UNUSED = "Verilator 5.036 2025-04-27";
| #define HAVE_STDIO_H 1
| #define HAVE_STDLIB_H 1
| #define HAVE_STRING_H 1
| #define HAVE_INTTYPES_H 1
| #define HAVE_STDINT_H 1
| #define HAVE_STRINGS_H 1
| #define HAVE_SYS_STAT_H 1
| #define HAVE_SYS_TYPES_H 1
| #define HAVE_UNISTD_H 1
| #define STDC_HEADERS 1
| #define HAVE_COROUTINES 1
| /* end confdefs.h.  */
| an_error "intentional-error-for-test.h"
| 
| int
| main (void)
| {
| 
|   ;
|   return 0;
| }
configure:8437: result: no
configure:8465: checking whether g++ accepts -Wno-parentheses-equality
configure:8478: g++ -o conftest   -Wno-parentheses-equality -Werror     conftest.cpp -lsodium >&5
configure:8478: $? = 0
configure:8507: g++ -c   -Wno-parentheses-equality -Werror   conftest.cpp >&5
conftest.cpp:22:1: error: 'an_error' does not name a type
   22 | an_error "intentional-error-for-test.h"
      | ^~~~~~~~
cc1plus: note: unrecognized command-line option '-Wno-parentheses-equality' may have been intended to silence earlier diagnostics
configure:8507: $? = 1
configure: failed program was:
| /* confdefs.h */
| #define PACKAGE_NAME "Verilator"
| #define PACKAGE_TARNAME "verilator"
| #define PACKAGE_VERSION "5.036 2025-04-27"
| #define PACKAGE_STRING "Verilator 5.036 2025-04-27"
| #define PACKAGE_BUGREPORT "https://verilator.org"
| #define PACKAGE_URL "https://verilator.org"
| #define PACKAGE_VERSION_NUMBER_STRING "5.036"
| #define PACKAGE_VERSION_STRING_CHAR static const char* const PACKAGE_STRING_UNUSED = "Verilator 5.036 2025-04-27";
| #define HAVE_STDIO_H 1
| #define HAVE_STDLIB_H 1
| #define HAVE_STRING_H 1
| #define HAVE_INTTYPES_H 1
| #define HAVE_STDINT_H 1
| #define HAVE_STRINGS_H 1
| #define HAVE_SYS_STAT_H 1
| #define HAVE_SYS_TYPES_H 1
| #define HAVE_UNISTD_H 1
| #define STDC_HEADERS 1
| #define HAVE_COROUTINES 1
| /* end confdefs.h.  */
| an_error "intentional-error-for-test.h"
| 
| int
| main (void)
| {
| 
|   ;
|   return 0;
| }
configure:8520: result: no
configure:8548: checking whether g++ accepts -Wno-shadow
configure:8561: g++ -o conftest   -Wno-shadow -Werror     conftest.cpp -lsodium >&5
configure:8561: $? = 0
configure:8590: g++ -c   -Wno-shadow -Werror   conftest.cpp >&5
conftest.cpp:22:1: error: 'an_error' does not name a type
   22 | an_error "intentional-error-for-test.h"
      | ^~~~~~~~
configure:8590: $? = 1
configure: failed program was:
| /* confdefs.h */
| #define PACKAGE_NAME "Verilator"
| #define PACKAGE_TARNAME "verilator"
| #define PACKAGE_VERSION "5.036 2025-04-27"
| #define PACKAGE_STRING "Verilator 5.036 2025-04-27"
| #define PACKAGE_BUGREPORT "https://verilator.org"
| #define PACKAGE_URL "https://verilator.org"
| #define PACKAGE_VERSION_NUMBER_STRING "5.036"
| #define PACKAGE_VERSION_STRING_CHAR static const char* const PACKAGE_STRING_UNUSED = "Verilator 5.036 2025-04-27";
| #define HAVE_STDIO_H 1
| #define HAVE_STDLIB_H 1
| #define HAVE_STRING_H 1
| #define HAVE_INTTYPES_H 1
| #define HAVE_STDINT_H 1
| #define HAVE_STRINGS_H 1
| #define HAVE_SYS_STAT_H 1
| #define HAVE_SYS_TYPES_H 1
| #define HAVE_UNISTD_H 1
| #define STDC_HEADERS 1
| #define HAVE_COROUTINES 1
| /* end confdefs.h.  */
| an_error "intentional-error-for-test.h"
| 
| int
| main (void)
| {
| 
|   ;
|   return 0;
| }
configure:8603: result: yes
configure:8631: checking whether g++ accepts -Wno-sign-compare
configure:8644: g++ -o conftest   -Wno-sign-compare -Werror     conftest.cpp -lsodium >&5
configure:8644: $? = 0
configure:8673: g++ -c   -Wno-sign-compare -Werror   conftest.cpp >&5
conftest.cpp:22:1: error: 'an_error' does not name a type
   22 | an_error "intentional-error-for-test.h"
      | ^~~~~~~~
configure:8673: $? = 1
configure: failed program was:
| /* confdefs.h */
| #define PACKAGE_NAME "Verilator"
| #define PACKAGE_TARNAME "verilator"
| #define PACKAGE_VERSION "5.036 2025-04-27"
| #define PACKAGE_STRING "Verilator 5.036 2025-04-27"
| #define PACKAGE_BUGREPORT "https://verilator.org"
| #define PACKAGE_URL "https://verilator.org"
| #define PACKAGE_VERSION_NUMBER_STRING "5.036"
| #define PACKAGE_VERSION_STRING_CHAR static const char* const PACKAGE_STRING_UNUSED = "Verilator 5.036 2025-04-27";
| #define HAVE_STDIO_H 1
| #define HAVE_STDLIB_H 1
| #define HAVE_STRING_H 1
| #define HAVE_INTTYPES_H 1
| #define HAVE_STDINT_H 1
| #define HAVE_STRINGS_H 1
| #define HAVE_SYS_STAT_H 1
| #define HAVE_SYS_TYPES_H 1
| #define HAVE_UNISTD_H 1
| #define STDC_HEADERS 1
| #define HAVE_COROUTINES 1
| /* end confdefs.h.  */
| an_error "intentional-error-for-test.h"
| 
| int
| main (void)
| {
| 
|   ;
|   return 0;
| }
configure:8686: result: yes
configure:8714: checking whether g++ accepts -Wno-subobject-linkage
configure:8727: g++ -o conftest   -Wno-subobject-linkage -Werror     conftest.cpp -lsodium >&5
configure:8727: $? = 0
configure:8756: g++ -c   -Wno-subobject-linkage -Werror   conftest.cpp >&5
conftest.cpp:22:1: error: 'an_error' does not name a type
   22 | an_error "intentional-error-for-test.h"
      | ^~~~~~~~
configure:8756: $? = 1
configure: failed program was:
| /* confdefs.h */
| #define PACKAGE_NAME "Verilator"
| #define PACKAGE_TARNAME "verilator"
| #define PACKAGE_VERSION "5.036 2025-04-27"
| #define PACKAGE_STRING "Verilator 5.036 2025-04-27"
| #define PACKAGE_BUGREPORT "https://verilator.org"
| #define PACKAGE_URL "https://verilator.org"
| #define PACKAGE_VERSION_NUMBER_STRING "5.036"
| #define PACKAGE_VERSION_STRING_CHAR static const char* const PACKAGE_STRING_UNUSED = "Verilator 5.036 2025-04-27";
| #define HAVE_STDIO_H 1
| #define HAVE_STDLIB_H 1
| #define HAVE_STRING_H 1
| #define HAVE_INTTYPES_H 1
| #define HAVE_STDINT_H 1
| #define HAVE_STRINGS_H 1
| #define HAVE_SYS_STAT_H 1
| #define HAVE_SYS_TYPES_H 1
| #define HAVE_UNISTD_H 1
| #define STDC_HEADERS 1
| #define HAVE_COROUTINES 1
| /* end confdefs.h.  */
| an_error "intentional-error-for-test.h"
| 
| int
| main (void)
| {
| 
|   ;
|   return 0;
| }
configure:8769: result: yes
configure:8797: checking whether g++ accepts -Wno-tautological-bitwise-compare
configure:8810: g++ -o conftest   -Wno-tautological-bitwise-compare -Werror     conftest.cpp -lsodium >&5
configure:8810: $? = 0
configure:8839: g++ -c   -Wno-tautological-bitwise-compare -Werror   conftest.cpp >&5
conftest.cpp:22:1: error: 'an_error' does not name a type
   22 | an_error "intentional-error-for-test.h"
      | ^~~~~~~~
cc1plus: note: unrecognized command-line option '-Wno-tautological-bitwise-compare' may have been intended to silence earlier diagnostics
configure:8839: $? = 1
configure: failed program was:
| /* confdefs.h */
| #define PACKAGE_NAME "Verilator"
| #define PACKAGE_TARNAME "verilator"
| #define PACKAGE_VERSION "5.036 2025-04-27"
| #define PACKAGE_STRING "Verilator 5.036 2025-04-27"
| #define PACKAGE_BUGREPORT "https://verilator.org"
| #define PACKAGE_URL "https://verilator.org"
| #define PACKAGE_VERSION_NUMBER_STRING "5.036"
| #define PACKAGE_VERSION_STRING_CHAR static const char* const PACKAGE_STRING_UNUSED = "Verilator 5.036 2025-04-27";
| #define HAVE_STDIO_H 1
| #define HAVE_STDLIB_H 1
| #define HAVE_STRING_H 1
| #define HAVE_INTTYPES_H 1
| #define HAVE_STDINT_H 1
| #define HAVE_STRINGS_H 1
| #define HAVE_SYS_STAT_H 1
| #define HAVE_SYS_TYPES_H 1
| #define HAVE_UNISTD_H 1
| #define STDC_HEADERS 1
| #define HAVE_COROUTINES 1
| /* end confdefs.h.  */
| an_error "intentional-error-for-test.h"
| 
| int
| main (void)
| {
| 
|   ;
|   return 0;
| }
configure:8852: result: no
configure:8880: checking whether g++ accepts -Wno-tautological-compare
configure:8893: g++ -o conftest   -Wno-tautological-compare -Werror     conftest.cpp -lsodium >&5
configure:8893: $? = 0
configure:8922: g++ -c   -Wno-tautological-compare -Werror   conftest.cpp >&5
conftest.cpp:22:1: error: 'an_error' does not name a type
   22 | an_error "intentional-error-for-test.h"
      | ^~~~~~~~
configure:8922: $? = 1
configure: failed program was:
| /* confdefs.h */
| #define PACKAGE_NAME "Verilator"
| #define PACKAGE_TARNAME "verilator"
| #define PACKAGE_VERSION "5.036 2025-04-27"
| #define PACKAGE_STRING "Verilator 5.036 2025-04-27"
| #define PACKAGE_BUGREPORT "https://verilator.org"
| #define PACKAGE_URL "https://verilator.org"
| #define PACKAGE_VERSION_NUMBER_STRING "5.036"
| #define PACKAGE_VERSION_STRING_CHAR static const char* const PACKAGE_STRING_UNUSED = "Verilator 5.036 2025-04-27";
| #define HAVE_STDIO_H 1
| #define HAVE_STDLIB_H 1
| #define HAVE_STRING_H 1
| #define HAVE_INTTYPES_H 1
| #define HAVE_STDINT_H 1
| #define HAVE_STRINGS_H 1
| #define HAVE_SYS_STAT_H 1
| #define HAVE_SYS_TYPES_H 1
| #define HAVE_UNISTD_H 1
| #define STDC_HEADERS 1
| #define HAVE_COROUTINES 1
| /* end confdefs.h.  */
| an_error "intentional-error-for-test.h"
| 
| int
| main (void)
| {
| 
|   ;
|   return 0;
| }
configure:8935: result: yes
configure:8963: checking whether g++ accepts -Wno-uninitialized
configure:8976: g++ -o conftest   -Wno-uninitialized -Werror     conftest.cpp -lsodium >&5
configure:8976: $? = 0
configure:9005: g++ -c   -Wno-uninitialized -Werror   conftest.cpp >&5
conftest.cpp:22:1: error: 'an_error' does not name a type
   22 | an_error "intentional-error-for-test.h"
      | ^~~~~~~~
configure:9005: $? = 1
configure: failed program was:
| /* confdefs.h */
| #define PACKAGE_NAME "Verilator"
| #define PACKAGE_TARNAME "verilator"
| #define PACKAGE_VERSION "5.036 2025-04-27"
| #define PACKAGE_STRING "Verilator 5.036 2025-04-27"
| #define PACKAGE_BUGREPORT "https://verilator.org"
| #define PACKAGE_URL "https://verilator.org"
| #define PACKAGE_VERSION_NUMBER_STRING "5.036"
| #define PACKAGE_VERSION_STRING_CHAR static const char* const PACKAGE_STRING_UNUSED = "Verilator 5.036 2025-04-27";
| #define HAVE_STDIO_H 1
| #define HAVE_STDLIB_H 1
| #define HAVE_STRING_H 1
| #define HAVE_INTTYPES_H 1
| #define HAVE_STDINT_H 1
| #define HAVE_STRINGS_H 1
| #define HAVE_SYS_STAT_H 1
| #define HAVE_SYS_TYPES_H 1
| #define HAVE_UNISTD_H 1
| #define STDC_HEADERS 1
| #define HAVE_COROUTINES 1
| /* end confdefs.h.  */
| an_error "intentional-error-for-test.h"
| 
| int
| main (void)
| {
| 
|   ;
|   return 0;
| }
configure:9018: result: yes
configure:9046: checking whether g++ accepts -Wno-unused-but-set-parameter
configure:9059: g++ -o conftest   -Wno-unused-but-set-parameter -Werror     conftest.cpp -lsodium >&5
configure:9059: $? = 0
configure:9088: g++ -c   -Wno-unused-but-set-parameter -Werror   conftest.cpp >&5
conftest.cpp:22:1: error: 'an_error' does not name a type
   22 | an_error "intentional-error-for-test.h"
      | ^~~~~~~~
configure:9088: $? = 1
configure: failed program was:
| /* confdefs.h */
| #define PACKAGE_NAME "Verilator"
| #define PACKAGE_TARNAME "verilator"
| #define PACKAGE_VERSION "5.036 2025-04-27"
| #define PACKAGE_STRING "Verilator 5.036 2025-04-27"
| #define PACKAGE_BUGREPORT "https://verilator.org"
| #define PACKAGE_URL "https://verilator.org"
| #define PACKAGE_VERSION_NUMBER_STRING "5.036"
| #define PACKAGE_VERSION_STRING_CHAR static const char* const PACKAGE_STRING_UNUSED = "Verilator 5.036 2025-04-27";
| #define HAVE_STDIO_H 1
| #define HAVE_STDLIB_H 1
| #define HAVE_STRING_H 1
| #define HAVE_INTTYPES_H 1
| #define HAVE_STDINT_H 1
| #define HAVE_STRINGS_H 1
| #define HAVE_SYS_STAT_H 1
| #define HAVE_SYS_TYPES_H 1
| #define HAVE_UNISTD_H 1
| #define STDC_HEADERS 1
| #define HAVE_COROUTINES 1
| /* end confdefs.h.  */
| an_error "intentional-error-for-test.h"
| 
| int
| main (void)
| {
| 
|   ;
|   return 0;
| }
configure:9101: result: yes
configure:9129: checking whether g++ accepts -Wno-unused-but-set-variable
configure:9142: g++ -o conftest   -Wno-unused-but-set-variable -Werror     conftest.cpp -lsodium >&5
configure:9142: $? = 0
configure:9171: g++ -c   -Wno-unused-but-set-variable -Werror   conftest.cpp >&5
conftest.cpp:22:1: error: 'an_error' does not name a type
   22 | an_error "intentional-error-for-test.h"
      | ^~~~~~~~
configure:9171: $? = 1
configure: failed program was:
| /* confdefs.h */
| #define PACKAGE_NAME "Verilator"
| #define PACKAGE_TARNAME "verilator"
| #define PACKAGE_VERSION "5.036 2025-04-27"
| #define PACKAGE_STRING "Verilator 5.036 2025-04-27"
| #define PACKAGE_BUGREPORT "https://verilator.org"
| #define PACKAGE_URL "https://verilator.org"
| #define PACKAGE_VERSION_NUMBER_STRING "5.036"
| #define PACKAGE_VERSION_STRING_CHAR static const char* const PACKAGE_STRING_UNUSED = "Verilator 5.036 2025-04-27";
| #define HAVE_STDIO_H 1
| #define HAVE_STDLIB_H 1
| #define HAVE_STRING_H 1
| #define HAVE_INTTYPES_H 1
| #define HAVE_STDINT_H 1
| #define HAVE_STRINGS_H 1
| #define HAVE_SYS_STAT_H 1
| #define HAVE_SYS_TYPES_H 1
| #define HAVE_UNISTD_H 1
| #define STDC_HEADERS 1
| #define HAVE_COROUTINES 1
| /* end confdefs.h.  */
| an_error "intentional-error-for-test.h"
| 
| int
| main (void)
| {
| 
|   ;
|   return 0;
| }
configure:9184: result: yes
configure:9212: checking whether g++ accepts -Wno-unused-parameter
configure:9225: g++ -o conftest   -Wno-unused-parameter -Werror     conftest.cpp -lsodium >&5
configure:9225: $? = 0
configure:9254: g++ -c   -Wno-unused-parameter -Werror   conftest.cpp >&5
conftest.cpp:22:1: error: 'an_error' does not name a type
   22 | an_error "intentional-error-for-test.h"
      | ^~~~~~~~
configure:9254: $? = 1
configure: failed program was:
| /* confdefs.h */
| #define PACKAGE_NAME "Verilator"
| #define PACKAGE_TARNAME "verilator"
| #define PACKAGE_VERSION "5.036 2025-04-27"
| #define PACKAGE_STRING "Verilator 5.036 2025-04-27"
| #define PACKAGE_BUGREPORT "https://verilator.org"
| #define PACKAGE_URL "https://verilator.org"
| #define PACKAGE_VERSION_NUMBER_STRING "5.036"
| #define PACKAGE_VERSION_STRING_CHAR static const char* const PACKAGE_STRING_UNUSED = "Verilator 5.036 2025-04-27";
| #define HAVE_STDIO_H 1
| #define HAVE_STDLIB_H 1
| #define HAVE_STRING_H 1
| #define HAVE_INTTYPES_H 1
| #define HAVE_STDINT_H 1
| #define HAVE_STRINGS_H 1
| #define HAVE_SYS_STAT_H 1
| #define HAVE_SYS_TYPES_H 1
| #define HAVE_UNISTD_H 1
| #define STDC_HEADERS 1
| #define HAVE_COROUTINES 1
| /* end confdefs.h.  */
| an_error "intentional-error-for-test.h"
| 
| int
| main (void)
| {
| 
|   ;
|   return 0;
| }
configure:9267: result: yes
configure:9295: checking whether g++ accepts -Wno-unused-variable
configure:9308: g++ -o conftest   -Wno-unused-variable -Werror     conftest.cpp -lsodium >&5
configure:9308: $? = 0
configure:9337: g++ -c   -Wno-unused-variable -Werror   conftest.cpp >&5
conftest.cpp:22:1: error: 'an_error' does not name a type
   22 | an_error "intentional-error-for-test.h"
      | ^~~~~~~~
configure:9337: $? = 1
configure: failed program was:
| /* confdefs.h */
| #define PACKAGE_NAME "Verilator"
| #define PACKAGE_TARNAME "verilator"
| #define PACKAGE_VERSION "5.036 2025-04-27"
| #define PACKAGE_STRING "Verilator 5.036 2025-04-27"
| #define PACKAGE_BUGREPORT "https://verilator.org"
| #define PACKAGE_URL "https://verilator.org"
| #define PACKAGE_VERSION_NUMBER_STRING "5.036"
| #define PACKAGE_VERSION_STRING_CHAR static const char* const PACKAGE_STRING_UNUSED = "Verilator 5.036 2025-04-27";
| #define HAVE_STDIO_H 1
| #define HAVE_STDLIB_H 1
| #define HAVE_STRING_H 1
| #define HAVE_INTTYPES_H 1
| #define HAVE_STDINT_H 1
| #define HAVE_STRINGS_H 1
| #define HAVE_SYS_STAT_H 1
| #define HAVE_SYS_TYPES_H 1
| #define HAVE_UNISTD_H 1
| #define STDC_HEADERS 1
| #define HAVE_COROUTINES 1
| /* end confdefs.h.  */
| an_error "intentional-error-for-test.h"
| 
| int
| main (void)
| {
| 
|   ;
|   return 0;
| }
configure:9350: result: yes
configure:9380: checking whether g++ linker accepts -mt
configure:9393: g++ -o conftest       conftest.cpp -lsodium -mt >&5
g++: error: unrecognized command-line option '-mt'; did you mean '-MT'?
configure:9393: $? = 1
configure: failed program was:
| /* confdefs.h */
| #define PACKAGE_NAME "Verilator"
| #define PACKAGE_TARNAME "verilator"
| #define PACKAGE_VERSION "5.036 2025-04-27"
| #define PACKAGE_STRING "Verilator 5.036 2025-04-27"
| #define PACKAGE_BUGREPORT "https://verilator.org"
| #define PACKAGE_URL "https://verilator.org"
| #define PACKAGE_VERSION_NUMBER_STRING "5.036"
| #define PACKAGE_VERSION_STRING_CHAR static const char* const PACKAGE_STRING_UNUSED = "Verilator 5.036 2025-04-27";
| #define HAVE_STDIO_H 1
| #define HAVE_STDLIB_H 1
| #define HAVE_STRING_H 1
| #define HAVE_INTTYPES_H 1
| #define HAVE_STDINT_H 1
| #define HAVE_STRINGS_H 1
| #define HAVE_SYS_STAT_H 1
| #define HAVE_SYS_TYPES_H 1
| #define HAVE_UNISTD_H 1
| #define STDC_HEADERS 1
| #define HAVE_COROUTINES 1
| /* end confdefs.h.  */
| 
| int
| main (void)
| {
| 
|   ;
|   return 0;
| }
configure:9407: result: no
configure:9432: checking whether g++ linker accepts -pthread
configure:9445: g++ -o conftest       conftest.cpp -lsodium -pthread >&5
configure:9445: $? = 0
configure:9459: result: yes
configure:9484: checking whether g++ linker accepts -lpthread
configure:9497: g++ -o conftest       conftest.cpp -lsodium -lpthread >&5
configure:9497: $? = 0
configure:9511: result: yes
configure:9536: checking whether g++ linker accepts -latomic
configure:9549: g++ -o conftest       conftest.cpp -lsodium -latomic >&5
configure:9549: $? = 0
configure:9563: result: yes
configure:9592: checking whether g++ linker accepts -fuse-ld=mold
configure:9605: g++ -o conftest       conftest.cpp -lsodium -fuse-ld=mold >&5
collect2: fatal error: cannot find 'ld'
compilation terminated.
configure:9605: $? = 1
configure: failed program was:
| /* confdefs.h */
| #define PACKAGE_NAME "Verilator"
| #define PACKAGE_TARNAME "verilator"
| #define PACKAGE_VERSION "5.036 2025-04-27"
| #define PACKAGE_STRING "Verilator 5.036 2025-04-27"
| #define PACKAGE_BUGREPORT "https://verilator.org"
| #define PACKAGE_URL "https://verilator.org"
| #define PACKAGE_VERSION_NUMBER_STRING "5.036"
| #define PACKAGE_VERSION_STRING_CHAR static const char* const PACKAGE_STRING_UNUSED = "Verilator 5.036 2025-04-27";
| #define HAVE_STDIO_H 1
| #define HAVE_STDLIB_H 1
| #define HAVE_STRING_H 1
| #define HAVE_INTTYPES_H 1
| #define HAVE_STDINT_H 1
| #define HAVE_STRINGS_H 1
| #define HAVE_SYS_STAT_H 1
| #define HAVE_SYS_TYPES_H 1
| #define HAVE_UNISTD_H 1
| #define STDC_HEADERS 1
| #define HAVE_COROUTINES 1
| /* end confdefs.h.  */
| 
| int
| main (void)
| {
| 
|   ;
|   return 0;
| }
configure:9619: result: no
configure:9641: checking whether g++ linker accepts -fuse-ld=mold
configure:9654: g++ -o conftest       conftest.cpp -lsodium -fuse-ld=mold >&5
collect2: fatal error: cannot find 'ld'
compilation terminated.
configure:9654: $? = 1
configure: failed program was:
| /* confdefs.h */
| #define PACKAGE_NAME "Verilator"
| #define PACKAGE_TARNAME "verilator"
| #define PACKAGE_VERSION "5.036 2025-04-27"
| #define PACKAGE_STRING "Verilator 5.036 2025-04-27"
| #define PACKAGE_BUGREPORT "https://verilator.org"
| #define PACKAGE_URL "https://verilator.org"
| #define PACKAGE_VERSION_NUMBER_STRING "5.036"
| #define PACKAGE_VERSION_STRING_CHAR static const char* const PACKAGE_STRING_UNUSED = "Verilator 5.036 2025-04-27";
| #define HAVE_STDIO_H 1
| #define HAVE_STDLIB_H 1
| #define HAVE_STRING_H 1
| #define HAVE_INTTYPES_H 1
| #define HAVE_STDINT_H 1
| #define HAVE_STRINGS_H 1
| #define HAVE_SYS_STAT_H 1
| #define HAVE_SYS_TYPES_H 1
| #define HAVE_UNISTD_H 1
| #define STDC_HEADERS 1
| #define HAVE_COROUTINES 1
| /* end confdefs.h.  */
| 
| int
| main (void)
| {
| 
|   ;
|   return 0;
| }
configure:9668: result: no
configure:9693: checking whether g++ linker accepts -static-libgcc
configure:9706: g++ -o conftest       conftest.cpp -lsodium -static-libgcc >&5
configure:9706: $? = 0
configure:9720: result: yes
configure:9742: checking whether g++ linker accepts -static-libstdc++
configure:9755: g++ -o conftest       conftest.cpp -lsodium -static-libstdc++ >&5
configure:9755: $? = 0
configure:9769: result: yes
configure:9791: checking whether g++ linker accepts -Xlinker -gc-sections
configure:9804: g++ -o conftest       conftest.cpp -lsodium -Xlinker -gc-sections >&5
configure:9804: $? = 0
configure:9818: result: yes
configure:9851: checking whether g++ linker accepts -lpthread
configure:9864: g++ -o conftest       conftest.cpp -lsodium -lpthread >&5
configure:9864: $? = 0
configure:9878: result: yes
configure:9900: checking whether g++ linker accepts -latomic
configure:9913: g++ -o conftest       conftest.cpp -lsodium -latomic >&5
configure:9913: $? = 0
configure:9927: result: yes
configure:9951: checking whether g++ linker accepts -lbcrypt
configure:9964: g++ -o conftest       conftest.cpp -lsodium -lbcrypt >&5
/usr/bin/ld: cannot find -lbcrypt: No such file or directory
collect2: error: ld returned 1 exit status
configure:9964: $? = 1
configure: failed program was:
| /* confdefs.h */
| #define PACKAGE_NAME "Verilator"
| #define PACKAGE_TARNAME "verilator"
| #define PACKAGE_VERSION "5.036 2025-04-27"
| #define PACKAGE_STRING "Verilator 5.036 2025-04-27"
| #define PACKAGE_BUGREPORT "https://verilator.org"
| #define PACKAGE_URL "https://verilator.org"
| #define PACKAGE_VERSION_NUMBER_STRING "5.036"
| #define PACKAGE_VERSION_STRING_CHAR static const char* const PACKAGE_STRING_UNUSED = "Verilator 5.036 2025-04-27";
| #define HAVE_STDIO_H 1
| #define HAVE_STDLIB_H 1
| #define HAVE_STRING_H 1
| #define HAVE_INTTYPES_H 1
| #define HAVE_STDINT_H 1
| #define HAVE_STRINGS_H 1
| #define HAVE_SYS_STAT_H 1
| #define HAVE_SYS_TYPES_H 1
| #define HAVE_UNISTD_H 1
| #define STDC_HEADERS 1
| #define HAVE_COROUTINES 1
| /* end confdefs.h.  */
| 
| int
| main (void)
| {
| 
|   ;
|   return 0;
| }
configure:9978: result: no
configure:10000: checking whether g++ linker accepts -lpsapi
configure:10013: g++ -o conftest       conftest.cpp -lsodium -lpsapi >&5
/usr/bin/ld: cannot find -lpsapi: No such file or directory
collect2: error: ld returned 1 exit status
configure:10013: $? = 1
configure: failed program was:
| /* confdefs.h */
| #define PACKAGE_NAME "Verilator"
| #define PACKAGE_TARNAME "verilator"
| #define PACKAGE_VERSION "5.036 2025-04-27"
| #define PACKAGE_STRING "Verilator 5.036 2025-04-27"
| #define PACKAGE_BUGREPORT "https://verilator.org"
| #define PACKAGE_URL "https://verilator.org"
| #define PACKAGE_VERSION_NUMBER_STRING "5.036"
| #define PACKAGE_VERSION_STRING_CHAR static const char* const PACKAGE_STRING_UNUSED = "Verilator 5.036 2025-04-27";
| #define HAVE_STDIO_H 1
| #define HAVE_STDLIB_H 1
| #define HAVE_STRING_H 1
| #define HAVE_INTTYPES_H 1
| #define HAVE_STDINT_H 1
| #define HAVE_STRINGS_H 1
| #define HAVE_SYS_STAT_H 1
| #define HAVE_SYS_TYPES_H 1
| #define HAVE_UNISTD_H 1
| #define STDC_HEADERS 1
| #define HAVE_COROUTINES 1
| /* end confdefs.h.  */
| 
| int
| main (void)
| {
| 
|   ;
|   return 0;
| }
configure:10027: result: no
configure:10049: checking whether g++ linker accepts -Wl,--whole-archive -l:libtcmalloc_minimal.a -Wl,--no-whole-archive
configure:10062: g++ -o conftest       conftest.cpp -lsodium -Wl,--whole-archive -l:libtcmalloc_minimal.a -Wl,--no-whole-archive >&5
configure:10062: $? = 0
configure:10076: result: yes
configure:10098: checking whether g++ accepts -fno-builtin-malloc
configure:10111: g++ -o conftest   -fno-builtin-malloc -Werror     conftest.cpp -lsodium >&5
configure:10111: $? = 0
configure:10140: g++ -c   -fno-builtin-malloc -Werror   conftest.cpp >&5
conftest.cpp:22:1: error: 'an_error' does not name a type
   22 | an_error "intentional-error-for-test.h"
      | ^~~~~~~~
configure:10140: $? = 1
configure: failed program was:
| /* confdefs.h */
| #define PACKAGE_NAME "Verilator"
| #define PACKAGE_TARNAME "verilator"
| #define PACKAGE_VERSION "5.036 2025-04-27"
| #define PACKAGE_STRING "Verilator 5.036 2025-04-27"
| #define PACKAGE_BUGREPORT "https://verilator.org"
| #define PACKAGE_URL "https://verilator.org"
| #define PACKAGE_VERSION_NUMBER_STRING "5.036"
| #define PACKAGE_VERSION_STRING_CHAR static const char* const PACKAGE_STRING_UNUSED = "Verilator 5.036 2025-04-27";
| #define HAVE_STDIO_H 1
| #define HAVE_STDLIB_H 1
| #define HAVE_STRING_H 1
| #define HAVE_INTTYPES_H 1
| #define HAVE_STDINT_H 1
| #define HAVE_STRINGS_H 1
| #define HAVE_SYS_STAT_H 1
| #define HAVE_SYS_TYPES_H 1
| #define HAVE_UNISTD_H 1
| #define STDC_HEADERS 1
| #define HAVE_COROUTINES 1
| /* end confdefs.h.  */
| an_error "intentional-error-for-test.h"
| 
| int
| main (void)
| {
| 
|   ;
|   return 0;
| }
configure:10153: result: yes
configure:10178: checking whether g++ accepts -fno-builtin-calloc
configure:10191: g++ -o conftest   -fno-builtin-calloc -Werror     conftest.cpp -lsodium >&5
configure:10191: $? = 0
configure:10220: g++ -c   -fno-builtin-calloc -Werror   conftest.cpp >&5
conftest.cpp:22:1: error: 'an_error' does not name a type
   22 | an_error "intentional-error-for-test.h"
      | ^~~~~~~~
configure:10220: $? = 1
configure: failed program was:
| /* confdefs.h */
| #define PACKAGE_NAME "Verilator"
| #define PACKAGE_TARNAME "verilator"
| #define PACKAGE_VERSION "5.036 2025-04-27"
| #define PACKAGE_STRING "Verilator 5.036 2025-04-27"
| #define PACKAGE_BUGREPORT "https://verilator.org"
| #define PACKAGE_URL "https://verilator.org"
| #define PACKAGE_VERSION_NUMBER_STRING "5.036"
| #define PACKAGE_VERSION_STRING_CHAR static const char* const PACKAGE_STRING_UNUSED = "Verilator 5.036 2025-04-27";
| #define HAVE_STDIO_H 1
| #define HAVE_STDLIB_H 1
| #define HAVE_STRING_H 1
| #define HAVE_INTTYPES_H 1
| #define HAVE_STDINT_H 1
| #define HAVE_STRINGS_H 1
| #define HAVE_SYS_STAT_H 1
| #define HAVE_SYS_TYPES_H 1
| #define HAVE_UNISTD_H 1
| #define STDC_HEADERS 1
| #define HAVE_COROUTINES 1
| /* end confdefs.h.  */
| an_error "intentional-error-for-test.h"
| 
| int
| main (void)
| {
| 
|   ;
|   return 0;
| }
configure:10233: result: yes
configure:10258: checking whether g++ accepts -fno-builtin-realloc
configure:10271: g++ -o conftest   -fno-builtin-realloc -Werror     conftest.cpp -lsodium >&5
configure:10271: $? = 0
configure:10300: g++ -c   -fno-builtin-realloc -Werror   conftest.cpp >&5
conftest.cpp:22:1: error: 'an_error' does not name a type
   22 | an_error "intentional-error-for-test.h"
      | ^~~~~~~~
configure:10300: $? = 1
configure: failed program was:
| /* confdefs.h */
| #define PACKAGE_NAME "Verilator"
| #define PACKAGE_TARNAME "verilator"
| #define PACKAGE_VERSION "5.036 2025-04-27"
| #define PACKAGE_STRING "Verilator 5.036 2025-04-27"
| #define PACKAGE_BUGREPORT "https://verilator.org"
| #define PACKAGE_URL "https://verilator.org"
| #define PACKAGE_VERSION_NUMBER_STRING "5.036"
| #define PACKAGE_VERSION_STRING_CHAR static const char* const PACKAGE_STRING_UNUSED = "Verilator 5.036 2025-04-27";
| #define HAVE_STDIO_H 1
| #define HAVE_STDLIB_H 1
| #define HAVE_STRING_H 1
| #define HAVE_INTTYPES_H 1
| #define HAVE_STDINT_H 1
| #define HAVE_STRINGS_H 1
| #define HAVE_SYS_STAT_H 1
| #define HAVE_SYS_TYPES_H 1
| #define HAVE_UNISTD_H 1
| #define STDC_HEADERS 1
| #define HAVE_COROUTINES 1
| /* end confdefs.h.  */
| an_error "intentional-error-for-test.h"
| 
| int
| main (void)
| {
| 
|   ;
|   return 0;
| }
configure:10313: result: yes
configure:10338: checking whether g++ accepts -fno-builtin-free
configure:10351: g++ -o conftest   -fno-builtin-free -Werror     conftest.cpp -lsodium >&5
configure:10351: $? = 0
configure:10380: g++ -c   -fno-builtin-free -Werror   conftest.cpp >&5
conftest.cpp:22:1: error: 'an_error' does not name a type
   22 | an_error "intentional-error-for-test.h"
      | ^~~~~~~~
configure:10380: $? = 1
configure: failed program was:
| /* confdefs.h */
| #define PACKAGE_NAME "Verilator"
| #define PACKAGE_TARNAME "verilator"
| #define PACKAGE_VERSION "5.036 2025-04-27"
| #define PACKAGE_STRING "Verilator 5.036 2025-04-27"
| #define PACKAGE_BUGREPORT "https://verilator.org"
| #define PACKAGE_URL "https://verilator.org"
| #define PACKAGE_VERSION_NUMBER_STRING "5.036"
| #define PACKAGE_VERSION_STRING_CHAR static const char* const PACKAGE_STRING_UNUSED = "Verilator 5.036 2025-04-27";
| #define HAVE_STDIO_H 1
| #define HAVE_STDLIB_H 1
| #define HAVE_STRING_H 1
| #define HAVE_INTTYPES_H 1
| #define HAVE_STDINT_H 1
| #define HAVE_STRINGS_H 1
| #define HAVE_SYS_STAT_H 1
| #define HAVE_SYS_TYPES_H 1
| #define HAVE_UNISTD_H 1
| #define STDC_HEADERS 1
| #define HAVE_COROUTINES 1
| /* end confdefs.h.  */
| an_error "intentional-error-for-test.h"
| 
| int
| main (void)
| {
| 
|   ;
|   return 0;
| }
configure:10393: result: yes
configure:10423: checking whether g++ supports C++14
configure:10442: g++ -o conftest       conftest.cpp -lsodium >&5
configure:10442: $? = 0
configure:10457: result: yes
configure:10514: checking for g++ precompile header include option
configure:10525: result: -include
configure:10531: checking for struct stat.st_mtim.tv_nsec
configure:10531: g++ -c     conftest.cpp >&5
configure:10531: $? = 0
configure:10531: result: yes
configure:10545: checking whether SystemC is found (in system path)
configure:10562: g++ -o conftest       conftest.cpp -lsodium -lsystemc >&5
configure:10562: $? = 0
configure:10574: result: yes
configure:10696: creating ./config.status

## ---------------------- ##
## Running config.status. ##
## ---------------------- ##

This file was extended by Verilator config.status 5.036 2025-04-27, which was
generated by GNU Autoconf 2.72.  Invocation command line was

  CONFIG_FILES    = 
  CONFIG_HEADERS  = 
  CONFIG_LINKS    = 
  CONFIG_COMMANDS = 
  $ ./config.status 

on kislay

config.status:854: creating Makefile
config.status:854: creating src/Makefile
config.status:854: creating src/Makefile_obj
config.status:854: creating include/verilated.mk
config.status:854: creating include/verilated_config.h
config.status:854: creating verilator.pc
config.status:854: creating verilator-config.cmake
config.status:854: creating verilator-config-version.cmake
config.status:854: creating src/config_package.h
config.status:1029: src/config_package.h is unchanged
configure:11867: result: 
configure:11869: result: Now type 'make' (or sometimes 'gmake') to build Verilator.
configure:11871: result: 

## ---------------- ##
## Cache variables. ##
## ---------------- ##

ac_cv_c_compiler_gnu=yes
ac_cv_c_inline=inline
ac_cv_cxx_compiler_gnu=yes
ac_cv_env_CCC_set=
ac_cv_env_CCC_value=
ac_cv_env_CC_set=
ac_cv_env_CC_value=
ac_cv_env_CFLAGS_set=
ac_cv_env_CFLAGS_value=
ac_cv_env_CPPFLAGS_set=
ac_cv_env_CPPFLAGS_value=
ac_cv_env_CXXFLAGS_set=
ac_cv_env_CXXFLAGS_value=
ac_cv_env_CXX_set=
ac_cv_env_CXX_value=
ac_cv_env_LDFLAGS_set=
ac_cv_env_LDFLAGS_value=
ac_cv_env_LIBS_set=set
ac_cv_env_LIBS_value=-lsodium
ac_cv_env_build_alias_set=
ac_cv_env_build_alias_value=
ac_cv_env_host_alias_set=
ac_cv_env_host_alias_value=
ac_cv_env_target_alias_set=
ac_cv_env_target_alias_value=
ac_cv_header_inttypes_h=yes
ac_cv_header_stdint_h=yes
ac_cv_header_stdio_h=yes
ac_cv_header_stdlib_h=yes
ac_cv_header_string_h=yes
ac_cv_header_strings_h=yes
ac_cv_header_sys_stat_h=yes
ac_cv_header_sys_types_h=yes
ac_cv_header_unistd_h=yes
ac_cv_member_struct_stat_st_mtim_tv_nsec=yes
ac_cv_objext=o
ac_cv_path_install='/usr/bin/install -c'
ac_cv_prog_AR=ar
ac_cv_prog_LEX=flex
ac_cv_prog_OBJCACHE=ccache
ac_cv_prog_PERL=perl
ac_cv_prog_PYTHON3=python3
ac_cv_prog_YACC=bison
ac_cv_prog_ac_ct_CC=gcc
ac_cv_prog_ac_ct_CXX=g++
ac_cv_prog_cc_c11=
ac_cv_prog_cc_g=yes
ac_cv_prog_cc_stdc=
ac_cv_prog_cxx_cxx11=
ac_cv_prog_cxx_g=yes
ac_cv_prog_cxx_stdcxx=
ac_cv_type_size_t=yes

## ----------------- ##
## Output variables. ##
## ----------------- ##

AR='ar'
CC='gcc'
CFG_CXXFLAGS_COROUTINES='-fcoroutines'
CFG_CXXFLAGS_DEBUG=' -Og -ggdb -gz'
CFG_CXXFLAGS_NO_UNUSED=' -faligned-new -fcf-protection=none -Wno-bool-operation -Wno-shadow -Wno-sign-compare -Wno-subobject-linkage -Wno-tautological-compare -Wno-uninitialized -Wno-unused-but-set-parameter -Wno-unused-but-set-variable -Wno-unused-parameter -Wno-unused-variable'
CFG_CXXFLAGS_PARSER=' -Wno-char-subscripts -Wno-unused'
CFG_CXXFLAGS_PCH_I='-include'
CFG_CXXFLAGS_PROFILE=' -pg'
CFG_CXXFLAGS_SRC=' -faligned-new -Wno-unused-parameter -Wno-shadow -fno-builtin-malloc -fno-builtin-calloc -fno-builtin-realloc -fno-builtin-free'
CFG_CXXFLAGS_STD=''
CFG_CXXFLAGS_STD_NEWEST='-std=gnu++17'
CFG_CXXFLAGS_WEXTRA=' -Wextra -Wfloat-conversion -Wlogical-op'
CFG_CXX_FLAGS_CMAKE='-faligned-new -fbracket-depth=4096 -fcf-protection=none -Xclang -fno-pch-timestamp -mno-cet -Qunused-arguments -Wno-bool-operation -Wno-c++11-narrowing -Wno-constant-logical-operand -Wno-non-pod-varargs -Wno-parentheses-equality -Wno-shadow -Wno-sign-compare -Wno-subobject-linkage -Wno-tautological-bitwise-compare -Wno-tautological-compare -Wno-uninitialized -Wno-unused-but-set-parameter -Wno-unused-but-set-variable -Wno-unused-parameter -Wno-unused-variable'
CFG_CXX_VERSION='g++ (Ubuntu 14.2.0-19ubuntu2) 14.2.0'
CFG_GCH_IF_CLANG=''
CFG_LDFLAGS_DEBUG=' -gz'
CFG_LDFLAGS_SRC=' -static-libgcc -static-libstdc++ -Xlinker -gc-sections'
CFG_LDFLAGS_THREADS_CMAKE=' -mt -pthread -lpthread -latomic'
CFG_LDFLAGS_VERILATED=''
CFG_LDLIBS_THREADS=' -pthread -lpthread -latomic'
CFG_LIBS='-Wl,--whole-archive -l:libtcmalloc_minimal.a -Wl,--no-whole-archive -lsodium  -lpthread -latomic'
CFG_WITH_CCWARN='no'
CFG_WITH_DEFENV='yes'
CFG_WITH_LONGTESTS='no'
CFG_WITH_SOLVER='no'
CFLAGS=' '
CPPFLAGS=' '
CXX='g++'
CXXFLAGS=' '
DEFS='-DHAVE_CONFIG_H'
ECHO_C=''
ECHO_N='-n'
ECHO_T=''
EXEEXT=''
HAVE_COROUTINES=''
HAVE_CVC4=''
HAVE_CVC5=''
HAVE_SYSTEMC=''
HAVE_Z3=''
INSTALL_DATA='${INSTALL} -m 644'
INSTALL_PROGRAM='${INSTALL}'
INSTALL_SCRIPT='${INSTALL}'
LDFLAGS=' '
LEX='flex'
LIBOBJS=''
LIBS='-lsodium'
LTLIBOBJS=''
OBJCACHE='ccache'
OBJEXT='o'
PACKAGE_BUGREPORT='https://verilator.org'
PACKAGE_NAME='Verilator'
PACKAGE_STRING='Verilator 5.036 2025-04-27'
PACKAGE_TARNAME='verilator'
PACKAGE_URL='https://verilator.org'
PACKAGE_VERSION='5.036 2025-04-27'
PACKAGE_VERSION_NUMBER='5.036'
PACKAGE_VERSION_STRING_CHAR=''
PATH_SEPARATOR=':'
PERL='perl'
PYTHON3='python3'
SHELL='/bin/bash'
VERILATOR_VERSION_INTEGER='5036000'
YACC='bison'
ac_ct_CC='gcc'
ac_ct_CXX='g++'
bindir='${exec_prefix}/bin'
build_alias=''
datadir='${datarootdir}'
datarootdir='${prefix}/share'
docdir='${datarootdir}/doc/${PACKAGE_TARNAME}'
dvidir='${docdir}'
exec_prefix='${prefix}'
host_alias=''
htmldir='${docdir}'
includedir='${prefix}/include'
infodir='${datarootdir}/info'
libdir='${exec_prefix}/lib'
libexecdir='${exec_prefix}/libexec'
localedir='${datarootdir}/locale'
localstatedir='${prefix}/var'
mandir='${datarootdir}/man'
oldincludedir='/usr/include'
pdfdir='${docdir}'
pkgconfigdir='${datarootdir}/pkgconfig'
pkgdatadir='${datarootdir}/verilator'
prefix='/usr/local'
program_transform_name='s,x,x,'
psdir='${docdir}'
runstatedir='${localstatedir}/run'
sbindir='${exec_prefix}/sbin'
sharedstatedir='${prefix}/com'
sysconfdir='${prefix}/etc'
target_alias=''

## ----------- ##
## confdefs.h. ##
## ----------- ##

/* confdefs.h */
#define PACKAGE_NAME "Verilator"
#define PACKAGE_TARNAME "verilator"
#define PACKAGE_VERSION "5.036 2025-04-27"
#define PACKAGE_STRING "Verilator 5.036 2025-04-27"
#define PACKAGE_BUGREPORT "https://verilator.org"
#define PACKAGE_URL "https://verilator.org"
#define PACKAGE_VERSION_NUMBER_STRING "5.036"
#define PACKAGE_VERSION_STRING_CHAR static const char* const PACKAGE_STRING_UNUSED = "Verilator 5.036 2025-04-27";
#define HAVE_STDIO_H 1
#define HAVE_STDLIB_H 1
#define HAVE_STRING_H 1
#define HAVE_INTTYPES_H 1
#define HAVE_STDINT_H 1
#define HAVE_STRINGS_H 1
#define HAVE_SYS_STAT_H 1
#define HAVE_SYS_TYPES_H 1
#define HAVE_UNISTD_H 1
#define STDC_HEADERS 1
#define HAVE_COROUTINES 1
#define HAVE_STAT_NSEC 1
#define HAVE_SYSTEMC 1

configure: exit 0
